[0.529s] Invoking command in '/home/ils3/irrobot_ws/src/irrobot_bringup': PYTHONPATH=/home/ils3/irrobot_ws/build/irrobot_bringup/prefix_override:/usr/lib/python3/dist-packages/colcon_core/task/python/colcon_distutils_commands:/home/ils3/irrobot_ws/install/irrobot_bringup/lib/python3.10/site-packages:${PYTHONPATH} /usr/bin/python3 -W ignore:setup.py install is deprecated -W ignore:easy_install command is deprecated setup.py egg_info --egg-base ../../build/irrobot_bringup build --build-base /home/ils3/irrobot_ws/build/irrobot_bringup/build install --record /home/ils3/irrobot_ws/build/irrobot_bringup/install.log --single-version-externally-managed install_data
[0.668s] running egg_info
[0.668s] writing ../../build/irrobot_bringup/irrobot_bringup.egg-info/PKG-INFO
[0.668s] writing dependency_links to ../../build/irrobot_bringup/irrobot_bringup.egg-info/dependency_links.txt
[0.668s] writing entry points to ../../build/irrobot_bringup/irrobot_bringup.egg-info/entry_points.txt
[0.668s] writing requirements to ../../build/irrobot_bringup/irrobot_bringup.egg-info/requires.txt
[0.669s] writing top-level names to ../../build/irrobot_bringup/irrobot_bringup.egg-info/top_level.txt
[0.669s] reading manifest file '../../build/irrobot_bringup/irrobot_bringup.egg-info/SOURCES.txt'
[0.670s] writing manifest file '../../build/irrobot_bringup/irrobot_bringup.egg-info/SOURCES.txt'
[0.670s] running build
[0.670s] running build_py
[0.670s] running install
[0.670s] running install_lib
[0.671s] running install_data
[0.671s] copying launch/bringup.launch.py -> /home/ils3/irrobot_ws/install/irrobot_bringup/share/irrobot_bringup/launch
[0.671s] running install_egg_info
[0.672s] removing '/home/ils3/irrobot_ws/install/irrobot_bringup/lib/python3.10/site-packages/irrobot_bringup-0.0.0-py3.10.egg-info' (and everything under it)
[0.672s] Copying ../../build/irrobot_bringup/irrobot_bringup.egg-info to /home/ils3/irrobot_ws/install/irrobot_bringup/lib/python3.10/site-packages/irrobot_bringup-0.0.0-py3.10.egg-info
[0.672s] running install_scripts
[0.685s] writing list of installed files to '/home/ils3/irrobot_ws/build/irrobot_bringup/install.log'
[0.697s] Invoked command in '/home/ils3/irrobot_ws/src/irrobot_bringup' returned '0': PYTHONPATH=/home/ils3/irrobot_ws/build/irrobot_bringup/prefix_override:/usr/lib/python3/dist-packages/colcon_core/task/python/colcon_distutils_commands:/home/ils3/irrobot_ws/install/irrobot_bringup/lib/python3.10/site-packages:${PYTHONPATH} /usr/bin/python3 -W ignore:setup.py install is deprecated -W ignore:easy_install command is deprecated setup.py egg_info --egg-base ../../build/irrobot_bringup build --build-base /home/ils3/irrobot_ws/build/irrobot_bringup/build install --record /home/ils3/irrobot_ws/build/irrobot_bringup/install.log --single-version-externally-managed install_data
