[0.005s] Invoking command in '/home/ils3/irrobot_ws/src/build/irrobot_bringup': AMENT_PREFIX_PATH=/home/ils3/irrobot_ws/src/install/irrobot_description:${AMENT_PREFIX_PATH} CMAKE_PREFIX_PATH=${CMAKE_PREFIX_PATH}:/home/ils3/irrobot_ws/install/irrobot_description:/opt/ros/humble PYTHONPATH=/home/ils3/irrobot_ws/src/install/irrobot_description/lib/python3.10/site-packages:${PYTHONPATH} /usr/bin/cmake /home/ils3/irrobot_ws/src/irrobot_bringup -DCMAKE_INSTALL_PREFIX=/home/ils3/irrobot_ws/src/install/irrobot_bringup
[0.162s] -- The C compiler identification is GNU 11.4.0
[0.245s] -- The CXX compiler identification is GNU 11.4.0
[0.254s] -- Detecting C compiler ABI info
[0.335s] -- Detecting C compiler ABI info - done
[0.345s] -- Check for working C compiler: /usr/bin/cc - skipped
[0.346s] -- Detecting C compile features
[0.349s] -- Detecting C compile features - done
[0.353s] -- Detecting CXX compiler ABI info
[0.439s] -- Detecting CXX compiler ABI info - done
[0.444s] -- Check for working CXX compiler: /usr/bin/c++ - skipped
[0.444s] -- Detecting CXX compile features
[0.445s] -- Detecting CXX compile features - done
[0.452s] -- Found ament_cmake: 1.3.11 (/opt/ros/humble/share/ament_cmake/cmake)
[0.552s] -- Found Python3: /usr/bin/python3 (found version "3.10.12") found components: Interpreter 
[0.649s] -- Configuring done
[0.651s] -- Generating done
[0.651s] -- Build files have been written to: /home/ils3/irrobot_ws/src/build/irrobot_bringup
[0.655s] Invoked command in '/home/ils3/irrobot_ws/src/build/irrobot_bringup' returned '0': AMENT_PREFIX_PATH=/home/ils3/irrobot_ws/src/install/irrobot_description:${AMENT_PREFIX_PATH} CMAKE_PREFIX_PATH=${CMAKE_PREFIX_PATH}:/home/ils3/irrobot_ws/install/irrobot_description:/opt/ros/humble PYTHONPATH=/home/ils3/irrobot_ws/src/install/irrobot_description/lib/python3.10/site-packages:${PYTHONPATH} /usr/bin/cmake /home/ils3/irrobot_ws/src/irrobot_bringup -DCMAKE_INSTALL_PREFIX=/home/ils3/irrobot_ws/src/install/irrobot_bringup
[0.655s] Invoking command in '/home/ils3/irrobot_ws/src/build/irrobot_bringup': AMENT_PREFIX_PATH=/home/ils3/irrobot_ws/src/install/irrobot_description:${AMENT_PREFIX_PATH} CMAKE_PREFIX_PATH=${CMAKE_PREFIX_PATH}:/home/ils3/irrobot_ws/install/irrobot_description:/opt/ros/humble PYTHONPATH=/home/ils3/irrobot_ws/src/install/irrobot_description/lib/python3.10/site-packages:${PYTHONPATH} /usr/bin/cmake --build /home/ils3/irrobot_ws/src/build/irrobot_bringup -- -j20 -l20
[0.681s] Invoked command in '/home/ils3/irrobot_ws/src/build/irrobot_bringup' returned '0': AMENT_PREFIX_PATH=/home/ils3/irrobot_ws/src/install/irrobot_description:${AMENT_PREFIX_PATH} CMAKE_PREFIX_PATH=${CMAKE_PREFIX_PATH}:/home/ils3/irrobot_ws/install/irrobot_description:/opt/ros/humble PYTHONPATH=/home/ils3/irrobot_ws/src/install/irrobot_description/lib/python3.10/site-packages:${PYTHONPATH} /usr/bin/cmake --build /home/ils3/irrobot_ws/src/build/irrobot_bringup -- -j20 -l20
[0.691s] Invoking command in '/home/ils3/irrobot_ws/src/build/irrobot_bringup': AMENT_PREFIX_PATH=/home/ils3/irrobot_ws/src/install/irrobot_description:${AMENT_PREFIX_PATH} CMAKE_PREFIX_PATH=${CMAKE_PREFIX_PATH}:/home/ils3/irrobot_ws/install/irrobot_description:/opt/ros/humble PYTHONPATH=/home/ils3/irrobot_ws/src/install/irrobot_description/lib/python3.10/site-packages:${PYTHONPATH} /usr/bin/cmake --install /home/ils3/irrobot_ws/src/build/irrobot_bringup
[0.700s] -- Install configuration: ""
[0.700s] -- Installing: /home/ils3/irrobot_ws/src/install/irrobot_bringup/share/irrobot_bringup//config
[0.700s] -- Installing: /home/ils3/irrobot_ws/src/install/irrobot_bringup/share/irrobot_bringup//config/irrobot_controllers.yaml
[0.700s] -- Installing: /home/ils3/irrobot_ws/src/install/irrobot_bringup/share/irrobot_bringup//launch
[0.700s] -- Installing: /home/ils3/irrobot_ws/src/install/irrobot_bringup/share/irrobot_bringup//launch/irrobot.launch.py
[0.700s] -- Installing: /home/ils3/irrobot_ws/src/install/irrobot_bringup/share/irrobot_bringup//launch/irrobot.launch.xml
[0.700s] -- Installing: /home/ils3/irrobot_ws/src/install/irrobot_bringup/share/ament_index/resource_index/package_run_dependencies/irrobot_bringup
[0.701s] -- Installing: /home/ils3/irrobot_ws/src/install/irrobot_bringup/share/ament_index/resource_index/parent_prefix_path/irrobot_bringup
[0.701s] -- Installing: /home/ils3/irrobot_ws/src/install/irrobot_bringup/share/irrobot_bringup/environment/ament_prefix_path.sh
[0.701s] -- Installing: /home/ils3/irrobot_ws/src/install/irrobot_bringup/share/irrobot_bringup/environment/ament_prefix_path.dsv
[0.701s] -- Installing: /home/ils3/irrobot_ws/src/install/irrobot_bringup/share/irrobot_bringup/environment/path.sh
[0.701s] -- Installing: /home/ils3/irrobot_ws/src/install/irrobot_bringup/share/irrobot_bringup/environment/path.dsv
[0.701s] -- Installing: /home/ils3/irrobot_ws/src/install/irrobot_bringup/share/irrobot_bringup/local_setup.bash
[0.701s] -- Installing: /home/ils3/irrobot_ws/src/install/irrobot_bringup/share/irrobot_bringup/local_setup.sh
[0.701s] -- Installing: /home/ils3/irrobot_ws/src/install/irrobot_bringup/share/irrobot_bringup/local_setup.zsh
[0.701s] -- Installing: /home/ils3/irrobot_ws/src/install/irrobot_bringup/share/irrobot_bringup/local_setup.dsv
[0.701s] -- Installing: /home/ils3/irrobot_ws/src/install/irrobot_bringup/share/irrobot_bringup/package.dsv
[0.701s] -- Installing: /home/ils3/irrobot_ws/src/install/irrobot_bringup/share/ament_index/resource_index/packages/irrobot_bringup
[0.701s] -- Installing: /home/ils3/irrobot_ws/src/install/irrobot_bringup/share/irrobot_bringup/cmake/irrobot_bringupConfig.cmake
[0.702s] -- Installing: /home/ils3/irrobot_ws/src/install/irrobot_bringup/share/irrobot_bringup/cmake/irrobot_bringupConfig-version.cmake
[0.702s] -- Installing: /home/ils3/irrobot_ws/src/install/irrobot_bringup/share/irrobot_bringup/package.xml
[0.704s] Invoked command in '/home/ils3/irrobot_ws/src/build/irrobot_bringup' returned '0': AMENT_PREFIX_PATH=/home/ils3/irrobot_ws/src/install/irrobot_description:${AMENT_PREFIX_PATH} CMAKE_PREFIX_PATH=${CMAKE_PREFIX_PATH}:/home/ils3/irrobot_ws/install/irrobot_description:/opt/ros/humble PYTHONPATH=/home/ils3/irrobot_ws/src/install/irrobot_description/lib/python3.10/site-packages:${PYTHONPATH} /usr/bin/cmake --install /home/ils3/irrobot_ws/src/build/irrobot_bringup
