/home/ils3/irrobot_ws/install/irrobot_description/lib/python3.10/site-packages/irrobot_description/__init__.py
/home/ils3/irrobot_ws/install/irrobot_description/lib/python3.10/site-packages/irrobot_description/__pycache__/__init__.cpython-310.pyc
/home/ils3/irrobot_ws/install/irrobot_description/share/ament_index/resource_index/packages/irrobot_description
/home/ils3/irrobot_ws/install/irrobot_description/share/irrobot_description/package.xml
/home/ils3/irrobot_ws/install/irrobot_description/share/irrobot_description/launch/display.launch.py
/home/ils3/irrobot_ws/install/irrobot_description/share/irrobot_description/launch/gazebo.launch.py
/home/ils3/irrobot_ws/install/irrobot_description/share/irrobot_description/urdf/materials.xacro
/home/ils3/irrobot_ws/install/irrobot_description/share/irrobot_description/urdf/irrobot.ros2_control.xacro
/home/ils3/irrobot_ws/install/irrobot_description/share/irrobot_description/urdf/irrobot.gazebo
/home/ils3/irrobot_ws/install/irrobot_description/share/irrobot_description/urdf/irrobot.trans
/home/ils3/irrobot_ws/install/irrobot_description/share/irrobot_description/urdf/irrobot.xacro
/home/ils3/irrobot_ws/install/irrobot_description/share/irrobot_description/urdf/irrobot.urdf.xacro
/home/ils3/irrobot_ws/install/irrobot_description/share/irrobot_description/meshes/box_motor_2_1.stl
/home/ils3/irrobot_ws/install/irrobot_description/share/irrobot_description/meshes/front_base_1.stl
/home/ils3/irrobot_ws/install/irrobot_description/share/irrobot_description/meshes/motor_right_2_1.stl
/home/ils3/irrobot_ws/install/irrobot_description/share/irrobot_description/meshes/box_motor_4_1.stl
/home/ils3/irrobot_ws/install/irrobot_description/share/irrobot_description/meshes/left_wheel_1_1.stl
/home/ils3/irrobot_ws/install/irrobot_description/share/irrobot_description/meshes/motor_left_2_1.stl
/home/ils3/irrobot_ws/install/irrobot_description/share/irrobot_description/meshes/box_motor_3_1.stl
/home/ils3/irrobot_ws/install/irrobot_description/share/irrobot_description/meshes/right_wheel_1_1.stl
/home/ils3/irrobot_ws/install/irrobot_description/share/irrobot_description/meshes/base_link.stl
/home/ils3/irrobot_ws/install/irrobot_description/share/irrobot_description/meshes/box_motor_1_1.stl
/home/ils3/irrobot_ws/install/irrobot_description/share/irrobot_description/meshes/motor_left_1_1.stl
/home/ils3/irrobot_ws/install/irrobot_description/share/irrobot_description/meshes/left_wheel_2_1.stl
/home/ils3/irrobot_ws/install/irrobot_description/share/irrobot_description/meshes/right_wheel_2_1.stl
/home/ils3/irrobot_ws/install/irrobot_description/share/irrobot_description/meshes/motor_right_1_1.stl
/home/ils3/irrobot_ws/install/irrobot_description/share/irrobot_description/config/display.rviz
/home/ils3/irrobot_ws/install/irrobot_description/lib/python3.10/site-packages/irrobot_description-0.0.0-py3.10.egg-info/dependency_links.txt
/home/ils3/irrobot_ws/install/irrobot_description/lib/python3.10/site-packages/irrobot_description-0.0.0-py3.10.egg-info/SOURCES.txt
/home/ils3/irrobot_ws/install/irrobot_description/lib/python3.10/site-packages/irrobot_description-0.0.0-py3.10.egg-info/requires.txt
/home/ils3/irrobot_ws/install/irrobot_description/lib/python3.10/site-packages/irrobot_description-0.0.0-py3.10.egg-info/top_level.txt
/home/ils3/irrobot_ws/install/irrobot_description/lib/python3.10/site-packages/irrobot_description-0.0.0-py3.10.egg-info/PKG-INFO
/home/ils3/irrobot_ws/install/irrobot_description/lib/python3.10/site-packages/irrobot_description-0.0.0-py3.10.egg-info/zip-safe
/home/ils3/irrobot_ws/install/irrobot_description/lib/python3.10/site-packages/irrobot_description-0.0.0-py3.10.egg-info/entry_points.txt
