running egg_info
creating ../build/irrobot_description/irrobot_description.egg-info
writing ../build/irrobot_description/irrobot_description.egg-info/PKG-INFO
writing dependency_links to ../build/irrobot_description/irrobot_description.egg-info/dependency_links.txt
writing entry points to ../build/irrobot_description/irrobot_description.egg-info/entry_points.txt
writing requirements to ../build/irrobot_description/irrobot_description.egg-info/requires.txt
writing top-level names to ../build/irrobot_description/irrobot_description.egg-info/top_level.txt
writing manifest file '../build/irrobot_description/irrobot_description.egg-info/SOURCES.txt'
reading manifest file '../build/irrobot_description/irrobot_description.egg-info/SOURCES.txt'
writing manifest file '../build/irrobot_description/irrobot_description.egg-info/SOURCES.txt'
running build
running build_py
creating /home/ils3/irrobot_ws/src/build/irrobot_description/build
creating /home/ils3/irrobot_ws/src/build/irrobot_description/build/lib
creating /home/ils3/irrobot_ws/src/build/irrobot_description/build/lib/irrobot_description
copying irrobot_description/__init__.py -> /home/ils3/irrobot_ws/src/build/irrobot_description/build/lib/irrobot_description
running install
running install_lib
creating /home/ils3/irrobot_ws/src/install/irrobot_description/lib/python3.10/site-packages/irrobot_description
copying /home/ils3/irrobot_ws/src/build/irrobot_description/build/lib/irrobot_description/__init__.py -> /home/ils3/irrobot_ws/src/install/irrobot_description/lib/python3.10/site-packages/irrobot_description
byte-compiling /home/ils3/irrobot_ws/src/install/irrobot_description/lib/python3.10/site-packages/irrobot_description/__init__.py to __init__.cpython-310.pyc
running install_data
creating /home/ils3/irrobot_ws/src/install/irrobot_description/share/ament_index
creating /home/ils3/irrobot_ws/src/install/irrobot_description/share/ament_index/resource_index
creating /home/ils3/irrobot_ws/src/install/irrobot_description/share/ament_index/resource_index/packages
copying resource/irrobot_description -> /home/ils3/irrobot_ws/src/install/irrobot_description/share/ament_index/resource_index/packages
copying package.xml -> /home/ils3/irrobot_ws/src/install/irrobot_description/share/irrobot_description
creating /home/ils3/irrobot_ws/src/install/irrobot_description/share/irrobot_description/launch
copying launch/display.launch.py -> /home/ils3/irrobot_ws/src/install/irrobot_description/share/irrobot_description/launch
copying launch/gazebo.launch.py -> /home/ils3/irrobot_ws/src/install/irrobot_description/share/irrobot_description/launch
creating /home/ils3/irrobot_ws/src/install/irrobot_description/share/irrobot_description/urdf
copying urdf/materials.xacro -> /home/ils3/irrobot_ws/src/install/irrobot_description/share/irrobot_description/urdf
copying urdf/irrobot.ros2_control.xacro -> /home/ils3/irrobot_ws/src/install/irrobot_description/share/irrobot_description/urdf
copying urdf/irrobot.gazebo -> /home/ils3/irrobot_ws/src/install/irrobot_description/share/irrobot_description/urdf
copying urdf/irrobot.trans -> /home/ils3/irrobot_ws/src/install/irrobot_description/share/irrobot_description/urdf
copying urdf/irrobot.xacro -> /home/ils3/irrobot_ws/src/install/irrobot_description/share/irrobot_description/urdf
copying urdf/irrobot.urdf.xacro -> /home/ils3/irrobot_ws/src/install/irrobot_description/share/irrobot_description/urdf
creating /home/ils3/irrobot_ws/src/install/irrobot_description/share/irrobot_description/meshes
copying meshes/box_motor_2_1.stl -> /home/ils3/irrobot_ws/src/install/irrobot_description/share/irrobot_description/meshes
copying meshes/front_base_1.stl -> /home/ils3/irrobot_ws/src/install/irrobot_description/share/irrobot_description/meshes
copying meshes/motor_right_2_1.stl -> /home/ils3/irrobot_ws/src/install/irrobot_description/share/irrobot_description/meshes
copying meshes/box_motor_4_1.stl -> /home/ils3/irrobot_ws/src/install/irrobot_description/share/irrobot_description/meshes
copying meshes/left_wheel_1_1.stl -> /home/ils3/irrobot_ws/src/install/irrobot_description/share/irrobot_description/meshes
copying meshes/motor_left_2_1.stl -> /home/ils3/irrobot_ws/src/install/irrobot_description/share/irrobot_description/meshes
copying meshes/box_motor_3_1.stl -> /home/ils3/irrobot_ws/src/install/irrobot_description/share/irrobot_description/meshes
copying meshes/right_wheel_1_1.stl -> /home/ils3/irrobot_ws/src/install/irrobot_description/share/irrobot_description/meshes
copying meshes/base_link.stl -> /home/ils3/irrobot_ws/src/install/irrobot_description/share/irrobot_description/meshes
copying meshes/box_motor_1_1.stl -> /home/ils3/irrobot_ws/src/install/irrobot_description/share/irrobot_description/meshes
copying meshes/motor_left_1_1.stl -> /home/ils3/irrobot_ws/src/install/irrobot_description/share/irrobot_description/meshes
copying meshes/left_wheel_2_1.stl -> /home/ils3/irrobot_ws/src/install/irrobot_description/share/irrobot_description/meshes
copying meshes/right_wheel_2_1.stl -> /home/ils3/irrobot_ws/src/install/irrobot_description/share/irrobot_description/meshes
copying meshes/motor_right_1_1.stl -> /home/ils3/irrobot_ws/src/install/irrobot_description/share/irrobot_description/meshes
creating /home/ils3/irrobot_ws/src/install/irrobot_description/share/irrobot_description/config
copying config/display.rviz -> /home/ils3/irrobot_ws/src/install/irrobot_description/share/irrobot_description/config
running install_egg_info
Copying ../build/irrobot_description/irrobot_description.egg-info to /home/ils3/irrobot_ws/src/install/irrobot_description/lib/python3.10/site-packages/irrobot_description-0.0.0-py3.10.egg-info
running install_scripts
writing list of installed files to '/home/ils3/irrobot_ws/src/build/irrobot_description/install.log'
