[0.006s] Invoking command in '/home/ils3/irrobot_ws/build/irrobot_bringup': AMENT_PREFIX_PATH=/home/ils3/irrobot_ws/install/irrobot_description:${AMENT_PREFIX_PATH} CMAKE_PREFIX_PATH=${CMAKE_PREFIX_PATH}:/opt/ros/humble PYTHONPATH=/home/ils3/irrobot_ws/install/irrobot_description/lib/python3.10/site-packages:${PYTHONPATH} /usr/bin/cmake --build /home/ils3/irrobot_ws/build/irrobot_bringup -- -j20 -l20
[0.107s] Invoked command in '/home/ils3/irrobot_ws/build/irrobot_bringup' returned '0': AMENT_PREFIX_PATH=/home/ils3/irrobot_ws/install/irrobot_description:${AMENT_PREFIX_PATH} CMAKE_PREFIX_PATH=${CMAKE_PREFIX_PATH}:/opt/ros/humble PYTHONPATH=/home/ils3/irrobot_ws/install/irrobot_description/lib/python3.10/site-packages:${PYTHONPATH} /usr/bin/cmake --build /home/ils3/irrobot_ws/build/irrobot_bringup -- -j20 -l20
[0.119s] Invoking command in '/home/ils3/irrobot_ws/build/irrobot_bringup': AMENT_PREFIX_PATH=/home/ils3/irrobot_ws/install/irrobot_description:${AMENT_PREFIX_PATH} CMAKE_PREFIX_PATH=${CMAKE_PREFIX_PATH}:/opt/ros/humble PYTHONPATH=/home/ils3/irrobot_ws/install/irrobot_description/lib/python3.10/site-packages:${PYTHONPATH} /usr/bin/cmake --install /home/ils3/irrobot_ws/build/irrobot_bringup
[0.133s] -- Install configuration: ""
[0.133s] -- Up-to-date: /home/ils3/irrobot_ws/install/irrobot_bringup/share/irrobot_bringup//config
[0.133s] -- Installing: /home/ils3/irrobot_ws/install/irrobot_bringup/share/irrobot_bringup//config/irrobot_controllers.yaml
[0.140s] -- Up-to-date: /home/ils3/irrobot_ws/install/irrobot_bringup/share/irrobot_bringup//launch
[0.141s] -- Up-to-date: /home/ils3/irrobot_ws/install/irrobot_bringup/share/irrobot_bringup//launch/irrobot.launch.py
[0.141s] -- Up-to-date: /home/ils3/irrobot_ws/install/irrobot_bringup/share/irrobot_bringup//launch/irrobot.launch.xml
[0.141s] -- Up-to-date: /home/ils3/irrobot_ws/install/irrobot_bringup/share/ament_index/resource_index/package_run_dependencies/irrobot_bringup
[0.141s] -- Up-to-date: /home/ils3/irrobot_ws/install/irrobot_bringup/share/ament_index/resource_index/parent_prefix_path/irrobot_bringup
[0.141s] -- Up-to-date: /home/ils3/irrobot_ws/install/irrobot_bringup/share/irrobot_bringup/environment/ament_prefix_path.sh
[0.142s] -- Up-to-date: /home/ils3/irrobot_ws/install/irrobot_bringup/share/irrobot_bringup/environment/ament_prefix_path.dsv
[0.142s] -- Up-to-date: /home/ils3/irrobot_ws/install/irrobot_bringup/share/irrobot_bringup/environment/path.sh
[0.142s] -- Up-to-date: /home/ils3/irrobot_ws/install/irrobot_bringup/share/irrobot_bringup/environment/path.dsv
[0.142s] -- Up-to-date: /home/ils3/irrobot_ws/install/irrobot_bringup/share/irrobot_bringup/local_setup.bash
[0.142s] -- Up-to-date: /home/ils3/irrobot_ws/install/irrobot_bringup/share/irrobot_bringup/local_setup.sh
[0.142s] -- Up-to-date: /home/ils3/irrobot_ws/install/irrobot_bringup/share/irrobot_bringup/local_setup.zsh
[0.142s] -- Up-to-date: /home/ils3/irrobot_ws/install/irrobot_bringup/share/irrobot_bringup/local_setup.dsv
[0.142s] -- Installing: /home/ils3/irrobot_ws/install/irrobot_bringup/share/irrobot_bringup/package.dsv
[0.143s] -- Up-to-date: /home/ils3/irrobot_ws/install/irrobot_bringup/share/ament_index/resource_index/packages/irrobot_bringup
[0.143s] -- Up-to-date: /home/ils3/irrobot_ws/install/irrobot_bringup/share/irrobot_bringup/cmake/irrobot_bringupConfig.cmake
[0.143s] -- Up-to-date: /home/ils3/irrobot_ws/install/irrobot_bringup/share/irrobot_bringup/cmake/irrobot_bringupConfig-version.cmake
[0.143s] -- Up-to-date: /home/ils3/irrobot_ws/install/irrobot_bringup/share/irrobot_bringup/package.xml
[0.146s] Invoked command in '/home/ils3/irrobot_ws/build/irrobot_bringup' returned '0': AMENT_PREFIX_PATH=/home/ils3/irrobot_ws/install/irrobot_description:${AMENT_PREFIX_PATH} CMAKE_PREFIX_PATH=${CMAKE_PREFIX_PATH}:/opt/ros/humble PYTHONPATH=/home/ils3/irrobot_ws/install/irrobot_description/lib/python3.10/site-packages:${PYTHONPATH} /usr/bin/cmake --install /home/ils3/irrobot_ws/build/irrobot_bringup
