running egg_info
writing ../../build/irrobot_bringup/irrobot_bringup.egg-info/PKG-INFO
writing dependency_links to ../../build/irrobot_bringup/irrobot_bringup.egg-info/dependency_links.txt
writing entry points to ../../build/irrobot_bringup/irrobot_bringup.egg-info/entry_points.txt
writing requirements to ../../build/irrobot_bringup/irrobot_bringup.egg-info/requires.txt
writing top-level names to ../../build/irrobot_bringup/irrobot_bringup.egg-info/top_level.txt
reading manifest file '../../build/irrobot_bringup/irrobot_bringup.egg-info/SOURCES.txt'
writing manifest file '../../build/irrobot_bringup/irrobot_bringup.egg-info/SOURCES.txt'
running build
running build_py
running install
running install_lib
running install_data
creating /home/ils3/irrobot_ws/install/irrobot_bringup/share/irrobot_bringuplaunch
copying launch/bringup.launch.py -> /home/ils3/irrobot_ws/install/irrobot_bringup/share/irrobot_bringuplaunch
running install_egg_info
removing '/home/ils3/irrobot_ws/install/irrobot_bringup/lib/python3.10/site-packages/irrobot_bringup-0.0.0-py3.10.egg-info' (and everything under it)
Copying ../../build/irrobot_bringup/irrobot_bringup.egg-info to /home/ils3/irrobot_ws/install/irrobot_bringup/lib/python3.10/site-packages/irrobot_bringup-0.0.0-py3.10.egg-info
running install_scripts
writing list of installed files to '/home/ils3/irrobot_ws/build/irrobot_bringup/install.log'
