[0.053s] DEBUG:colcon:Command line arguments: ['/usr/bin/colcon', 'build']
[0.053s] DEBUG:colcon:Parsed command line arguments: Namespace(log_base=None, log_level=None, verb_name='build', build_base='build', install_base='install', merge_install=False, symlink_install=False, test_result_base=None, continue_on_error=False, executor='parallel', parallel_workers=20, event_handlers=None, ignore_user_meta=False, metas=['./colcon.meta'], base_paths=['.'], packages_ignore=None, packages_ignore_regex=None, paths=None, packages_up_to=None, packages_up_to_regex=None, packages_above=None, packages_above_and_dependencies=None, packages_above_depth=None, packages_select_by_dep=None, packages_skip_by_dep=None, packages_skip_up_to=None, packages_select_build_failed=False, packages_skip_build_finished=False, packages_select_test_failures=False, packages_skip_test_passed=False, packages_select=None, packages_skip=None, packages_select_regex=None, packages_skip_regex=None, packages_start=None, packages_end=None, allow_overriding=[], cmake_args=None, cmake_target=None, cmake_target_skip_unavailable=False, cmake_clean_cache=False, cmake_clean_first=False, cmake_force_configure=False, ament_cmake_args=None, catkin_cmake_args=None, catkin_skip_building_tests=False, mixin_files=None, mixin=None, verb_parser=<colcon_mixin.mixin.mixin_argument.MixinArgumentDecorator object at 0x7055f1667430>, verb_extension=<colcon_core.verb.build.BuildVerb object at 0x7055f171b130>, main=<bound method BuildVerb.main of <colcon_core.verb.build.BuildVerb object at 0x7055f171b130>>, mixin_verb=('build',))
[0.133s] Level 1:colcon.colcon_core.package_discovery:discover_packages(colcon_meta) check parameters
[0.133s] Level 1:colcon.colcon_core.package_discovery:discover_packages(recursive) check parameters
[0.133s] Level 1:colcon.colcon_core.package_discovery:discover_packages(ignore) check parameters
[0.133s] Level 1:colcon.colcon_core.package_discovery:discover_packages(path) check parameters
[0.133s] Level 1:colcon.colcon_core.package_discovery:discover_packages(colcon_meta) discover
[0.133s] Level 1:colcon.colcon_core.package_discovery:discover_packages(recursive) discover
[0.133s] INFO:colcon.colcon_core.package_discovery:Crawling recursively for packages in '/home/ils3/irrobot_ws'
[0.133s] Level 1:colcon.colcon_core.package_identification:_identify(.) by extensions ['ignore', 'ignore_ament_install']
[0.133s] Level 1:colcon.colcon_core.package_identification:_identify(.) by extension 'ignore'
[0.133s] Level 1:colcon.colcon_core.package_identification:_identify(.) by extension 'ignore_ament_install'
[0.133s] Level 1:colcon.colcon_core.package_identification:_identify(.) by extensions ['colcon_pkg']
[0.133s] Level 1:colcon.colcon_core.package_identification:_identify(.) by extension 'colcon_pkg'
[0.133s] Level 1:colcon.colcon_core.package_identification:_identify(.) by extensions ['colcon_meta']
[0.133s] Level 1:colcon.colcon_core.package_identification:_identify(.) by extension 'colcon_meta'
[0.133s] Level 1:colcon.colcon_core.package_identification:_identify(.) by extensions ['ros']
[0.133s] Level 1:colcon.colcon_core.package_identification:_identify(.) by extension 'ros'
[0.139s] Level 1:colcon.colcon_core.package_identification:_identify(.) by extensions ['cmake', 'python']
[0.139s] Level 1:colcon.colcon_core.package_identification:_identify(.) by extension 'cmake'
[0.139s] Level 1:colcon.colcon_core.package_identification:_identify(.) by extension 'python'
[0.139s] Level 1:colcon.colcon_core.package_identification:_identify(.) by extensions ['python_setup_py']
[0.139s] Level 1:colcon.colcon_core.package_identification:_identify(.) by extension 'python_setup_py'
[0.139s] Level 1:colcon.colcon_core.package_identification:_identify(build) by extensions ['ignore', 'ignore_ament_install']
[0.139s] Level 1:colcon.colcon_core.package_identification:_identify(build) by extension 'ignore'
[0.139s] Level 1:colcon.colcon_core.package_identification:_identify(build) ignored
[0.139s] Level 1:colcon.colcon_core.package_identification:_identify(install) by extensions ['ignore', 'ignore_ament_install']
[0.140s] Level 1:colcon.colcon_core.package_identification:_identify(install) by extension 'ignore'
[0.140s] Level 1:colcon.colcon_core.package_identification:_identify(install) ignored
[0.140s] Level 1:colcon.colcon_core.package_identification:_identify(log) by extensions ['ignore', 'ignore_ament_install']
[0.140s] Level 1:colcon.colcon_core.package_identification:_identify(log) by extension 'ignore'
[0.140s] Level 1:colcon.colcon_core.package_identification:_identify(log) ignored
[0.140s] Level 1:colcon.colcon_core.package_identification:_identify(src) by extensions ['ignore', 'ignore_ament_install']
[0.140s] Level 1:colcon.colcon_core.package_identification:_identify(src) by extension 'ignore'
[0.140s] Level 1:colcon.colcon_core.package_identification:_identify(src) by extension 'ignore_ament_install'
[0.140s] Level 1:colcon.colcon_core.package_identification:_identify(src) by extensions ['colcon_pkg']
[0.140s] Level 1:colcon.colcon_core.package_identification:_identify(src) by extension 'colcon_pkg'
[0.140s] Level 1:colcon.colcon_core.package_identification:_identify(src) by extensions ['colcon_meta']
[0.140s] Level 1:colcon.colcon_core.package_identification:_identify(src) by extension 'colcon_meta'
[0.140s] Level 1:colcon.colcon_core.package_identification:_identify(src) by extensions ['ros']
[0.140s] Level 1:colcon.colcon_core.package_identification:_identify(src) by extension 'ros'
[0.140s] Level 1:colcon.colcon_core.package_identification:_identify(src) by extensions ['cmake', 'python']
[0.140s] Level 1:colcon.colcon_core.package_identification:_identify(src) by extension 'cmake'
[0.140s] Level 1:colcon.colcon_core.package_identification:_identify(src) by extension 'python'
[0.140s] Level 1:colcon.colcon_core.package_identification:_identify(src) by extensions ['python_setup_py']
[0.140s] Level 1:colcon.colcon_core.package_identification:_identify(src) by extension 'python_setup_py'
[0.140s] Level 1:colcon.colcon_core.package_identification:_identify(src/irrobot_bringup) by extensions ['ignore', 'ignore_ament_install']
[0.140s] Level 1:colcon.colcon_core.package_identification:_identify(src/irrobot_bringup) by extension 'ignore'
[0.140s] Level 1:colcon.colcon_core.package_identification:_identify(src/irrobot_bringup) by extension 'ignore_ament_install'
[0.140s] Level 1:colcon.colcon_core.package_identification:_identify(src/irrobot_bringup) by extensions ['colcon_pkg']
[0.140s] Level 1:colcon.colcon_core.package_identification:_identify(src/irrobot_bringup) by extension 'colcon_pkg'
[0.140s] Level 1:colcon.colcon_core.package_identification:_identify(src/irrobot_bringup) by extensions ['colcon_meta']
[0.140s] Level 1:colcon.colcon_core.package_identification:_identify(src/irrobot_bringup) by extension 'colcon_meta'
[0.140s] Level 1:colcon.colcon_core.package_identification:_identify(src/irrobot_bringup) by extensions ['ros']
[0.140s] Level 1:colcon.colcon_core.package_identification:_identify(src/irrobot_bringup) by extension 'ros'
[0.146s] DEBUG:colcon.colcon_core.package_identification:Package 'src/irrobot_bringup' with type 'ros.ament_cmake' and name 'irrobot_bringup'
[0.146s] Level 1:colcon.colcon_core.package_identification:_identify(src/irrobot_description) by extensions ['ignore', 'ignore_ament_install']
[0.146s] Level 1:colcon.colcon_core.package_identification:_identify(src/irrobot_description) by extension 'ignore'
[0.146s] Level 1:colcon.colcon_core.package_identification:_identify(src/irrobot_description) by extension 'ignore_ament_install'
[0.146s] Level 1:colcon.colcon_core.package_identification:_identify(src/irrobot_description) by extensions ['colcon_pkg']
[0.146s] Level 1:colcon.colcon_core.package_identification:_identify(src/irrobot_description) by extension 'colcon_pkg'
[0.146s] Level 1:colcon.colcon_core.package_identification:_identify(src/irrobot_description) by extensions ['colcon_meta']
[0.146s] Level 1:colcon.colcon_core.package_identification:_identify(src/irrobot_description) by extension 'colcon_meta'
[0.146s] Level 1:colcon.colcon_core.package_identification:_identify(src/irrobot_description) by extensions ['ros']
[0.146s] Level 1:colcon.colcon_core.package_identification:_identify(src/irrobot_description) by extension 'ros'
[0.147s] DEBUG:colcon.colcon_core.package_identification:Package 'src/irrobot_description' with type 'ros.ament_python' and name 'irrobot_description'
[0.147s] Level 1:colcon.colcon_core.package_identification:_identify(src/log) by extensions ['ignore', 'ignore_ament_install']
[0.147s] Level 1:colcon.colcon_core.package_identification:_identify(src/log) by extension 'ignore'
[0.147s] Level 1:colcon.colcon_core.package_identification:_identify(src/log) ignored
[0.147s] Level 1:colcon.colcon_core.package_discovery:discover_packages(recursive) using defaults
[0.147s] Level 1:colcon.colcon_core.package_discovery:discover_packages(ignore) discover
[0.147s] Level 1:colcon.colcon_core.package_discovery:discover_packages(ignore) using defaults
[0.147s] Level 1:colcon.colcon_core.package_discovery:discover_packages(path) discover
[0.147s] Level 1:colcon.colcon_core.package_discovery:discover_packages(path) using defaults
[0.157s] Level 1:colcon.colcon_core.package_discovery:discover_packages(prefix_path) check parameters
[0.157s] Level 1:colcon.colcon_core.package_discovery:discover_packages(prefix_path) discover
[0.158s] DEBUG:colcon.colcon_installed_package_information.package_discovery:Found 2 installed packages in /home/ils3/irrobot_ws/install
[0.158s] DEBUG:colcon.colcon_installed_package_information.package_discovery:Found 2 installed packages in /home/ils3/ros2_ws/install
[0.159s] DEBUG:colcon.colcon_installed_package_information.package_discovery:Found 380 installed packages in /opt/ros/humble
[0.160s] Level 1:colcon.colcon_core.package_discovery:discover_packages(prefix_path) using defaults
[0.180s] Level 5:colcon.colcon_core.verb:set package 'irrobot_bringup' build argument 'cmake_args' from command line to 'None'
[0.180s] Level 5:colcon.colcon_core.verb:set package 'irrobot_bringup' build argument 'cmake_target' from command line to 'None'
[0.180s] Level 5:colcon.colcon_core.verb:set package 'irrobot_bringup' build argument 'cmake_target_skip_unavailable' from command line to 'False'
[0.180s] Level 5:colcon.colcon_core.verb:set package 'irrobot_bringup' build argument 'cmake_clean_cache' from command line to 'False'
[0.180s] Level 5:colcon.colcon_core.verb:set package 'irrobot_bringup' build argument 'cmake_clean_first' from command line to 'False'
[0.180s] Level 5:colcon.colcon_core.verb:set package 'irrobot_bringup' build argument 'cmake_force_configure' from command line to 'False'
[0.180s] Level 5:colcon.colcon_core.verb:set package 'irrobot_bringup' build argument 'ament_cmake_args' from command line to 'None'
[0.180s] Level 5:colcon.colcon_core.verb:set package 'irrobot_bringup' build argument 'catkin_cmake_args' from command line to 'None'
[0.180s] Level 5:colcon.colcon_core.verb:set package 'irrobot_bringup' build argument 'catkin_skip_building_tests' from command line to 'False'
[0.180s] DEBUG:colcon.colcon_core.verb:Building package 'irrobot_bringup' with the following arguments: {'ament_cmake_args': None, 'build_base': '/home/ils3/irrobot_ws/build/irrobot_bringup', 'catkin_cmake_args': None, 'catkin_skip_building_tests': False, 'cmake_args': None, 'cmake_clean_cache': False, 'cmake_clean_first': False, 'cmake_force_configure': False, 'cmake_target': None, 'cmake_target_skip_unavailable': False, 'install_base': '/home/ils3/irrobot_ws/install/irrobot_bringup', 'merge_install': False, 'path': '/home/ils3/irrobot_ws/src/irrobot_bringup', 'symlink_install': False, 'test_result_base': None}
[0.181s] Level 5:colcon.colcon_core.verb:set package 'irrobot_description' build argument 'cmake_args' from command line to 'None'
[0.181s] Level 5:colcon.colcon_core.verb:set package 'irrobot_description' build argument 'cmake_target' from command line to 'None'
[0.181s] Level 5:colcon.colcon_core.verb:set package 'irrobot_description' build argument 'cmake_target_skip_unavailable' from command line to 'False'
[0.181s] Level 5:colcon.colcon_core.verb:set package 'irrobot_description' build argument 'cmake_clean_cache' from command line to 'False'
[0.181s] Level 5:colcon.colcon_core.verb:set package 'irrobot_description' build argument 'cmake_clean_first' from command line to 'False'
[0.181s] Level 5:colcon.colcon_core.verb:set package 'irrobot_description' build argument 'cmake_force_configure' from command line to 'False'
[0.181s] Level 5:colcon.colcon_core.verb:set package 'irrobot_description' build argument 'ament_cmake_args' from command line to 'None'
[0.181s] Level 5:colcon.colcon_core.verb:set package 'irrobot_description' build argument 'catkin_cmake_args' from command line to 'None'
[0.181s] Level 5:colcon.colcon_core.verb:set package 'irrobot_description' build argument 'catkin_skip_building_tests' from command line to 'False'
[0.181s] DEBUG:colcon.colcon_core.verb:Building package 'irrobot_description' with the following arguments: {'ament_cmake_args': None, 'build_base': '/home/ils3/irrobot_ws/build/irrobot_description', 'catkin_cmake_args': None, 'catkin_skip_building_tests': False, 'cmake_args': None, 'cmake_clean_cache': False, 'cmake_clean_first': False, 'cmake_force_configure': False, 'cmake_target': None, 'cmake_target_skip_unavailable': False, 'install_base': '/home/ils3/irrobot_ws/install/irrobot_description', 'merge_install': False, 'path': '/home/ils3/irrobot_ws/src/irrobot_description', 'symlink_install': False, 'test_result_base': None}
[0.181s] INFO:colcon.colcon_core.executor:Executing jobs using 'parallel' executor
[0.181s] DEBUG:colcon.colcon_parallel_executor.executor.parallel:run_until_complete
[0.182s] INFO:colcon.colcon_ros.task.ament_cmake.build:Building ROS package in '/home/ils3/irrobot_ws/src/irrobot_bringup' with build type 'ament_cmake'
[0.182s] INFO:colcon.colcon_cmake.task.cmake.build:Building CMake package in '/home/ils3/irrobot_ws/src/irrobot_bringup'
[0.183s] INFO:colcon.colcon_core.plugin_system:Skipping extension 'colcon_core.shell.bat': Not used on non-Windows systems
[0.183s] INFO:colcon.colcon_core.shell:Skip shell extension 'powershell' for command environment: Not usable outside of PowerShell
[0.183s] DEBUG:colcon.colcon_core.shell:Skip shell extension 'dsv' for command environment
[0.185s] INFO:colcon.colcon_ros.task.ament_python.build:Building ROS package in '/home/ils3/irrobot_ws/src/irrobot_description' with build type 'ament_python'
[0.185s] Level 1:colcon.colcon_core.shell:create_environment_hook('irrobot_description', 'ament_prefix_path')
[0.185s] INFO:colcon.colcon_core.shell:Creating environment hook '/home/ils3/irrobot_ws/install/irrobot_description/share/irrobot_description/hook/ament_prefix_path.ps1'
[0.185s] INFO:colcon.colcon_core.shell:Creating environment descriptor '/home/ils3/irrobot_ws/install/irrobot_description/share/irrobot_description/hook/ament_prefix_path.dsv'
[0.186s] INFO:colcon.colcon_core.shell:Creating environment hook '/home/ils3/irrobot_ws/install/irrobot_description/share/irrobot_description/hook/ament_prefix_path.sh'
[0.186s] INFO:colcon.colcon_core.shell:Skip shell extension 'powershell' for command environment: Not usable outside of PowerShell
[0.186s] DEBUG:colcon.colcon_core.shell:Skip shell extension 'dsv' for command environment
[0.191s] DEBUG:colcon.colcon_core.event_handler.log_command:Invoking command in '/home/ils3/irrobot_ws/build/irrobot_bringup': CMAKE_PREFIX_PATH=${CMAKE_PREFIX_PATH}:/home/ils3/irrobot_ws/install/irrobot_description:/opt/ros/humble /usr/bin/cmake --build /home/ils3/irrobot_ws/build/irrobot_bringup -- -j20 -l20
[0.316s] INFO:colcon.colcon_core.task.python.build:Building Python package in '/home/ils3/irrobot_ws/src/irrobot_description'
[0.316s] INFO:colcon.colcon_core.shell:Skip shell extension 'powershell' for command environment: Not usable outside of PowerShell
[0.316s] DEBUG:colcon.colcon_core.shell:Skip shell extension 'dsv' for command environment
[0.319s] DEBUG:colcon.colcon_core.event_handler.log_command:Invoked command in '/home/ils3/irrobot_ws/build/irrobot_bringup' returned '0': CMAKE_PREFIX_PATH=${CMAKE_PREFIX_PATH}:/home/ils3/irrobot_ws/install/irrobot_description:/opt/ros/humble /usr/bin/cmake --build /home/ils3/irrobot_ws/build/irrobot_bringup -- -j20 -l20
[0.326s] DEBUG:colcon.colcon_core.event_handler.log_command:Invoking command in '/home/ils3/irrobot_ws/build/irrobot_bringup': CMAKE_PREFIX_PATH=${CMAKE_PREFIX_PATH}:/home/ils3/irrobot_ws/install/irrobot_description:/opt/ros/humble /usr/bin/cmake --install /home/ils3/irrobot_ws/build/irrobot_bringup
[0.331s] Level 1:colcon.colcon_core.environment:create_environment_scripts_only(irrobot_bringup)
[0.332s] DEBUG:colcon.colcon_core.event_handler.log_command:Invoked command in '/home/ils3/irrobot_ws/build/irrobot_bringup' returned '0': CMAKE_PREFIX_PATH=${CMAKE_PREFIX_PATH}:/home/ils3/irrobot_ws/install/irrobot_description:/opt/ros/humble /usr/bin/cmake --install /home/ils3/irrobot_ws/build/irrobot_bringup
[0.333s] Level 1:colcon.colcon_core.environment:checking '/home/ils3/irrobot_ws/install/irrobot_bringup' for CMake module files
[0.333s] Level 1:colcon.colcon_core.environment:checking '/home/ils3/irrobot_ws/install/irrobot_bringup' for CMake config files
[0.333s] Level 1:colcon.colcon_core.shell:create_environment_hook('irrobot_bringup', 'cmake_prefix_path')
[0.334s] INFO:colcon.colcon_core.shell:Creating environment hook '/home/ils3/irrobot_ws/install/irrobot_bringup/share/irrobot_bringup/hook/cmake_prefix_path.ps1'
[0.334s] INFO:colcon.colcon_core.shell:Creating environment descriptor '/home/ils3/irrobot_ws/install/irrobot_bringup/share/irrobot_bringup/hook/cmake_prefix_path.dsv'
[0.334s] INFO:colcon.colcon_core.shell:Creating environment hook '/home/ils3/irrobot_ws/install/irrobot_bringup/share/irrobot_bringup/hook/cmake_prefix_path.sh'
[0.334s] Level 1:colcon.colcon_core.environment:checking '/home/ils3/irrobot_ws/install/irrobot_bringup/lib'
[0.334s] Level 1:colcon.colcon_core.environment:checking '/home/ils3/irrobot_ws/install/irrobot_bringup/bin'
[0.335s] Level 1:colcon.colcon_core.environment:checking '/home/ils3/irrobot_ws/install/irrobot_bringup/lib/pkgconfig/irrobot_bringup.pc'
[0.335s] Level 1:colcon.colcon_core.environment:checking '/home/ils3/irrobot_ws/install/irrobot_bringup/lib/python3.10/site-packages'
[0.335s] Level 1:colcon.colcon_core.shell:create_environment_hook('irrobot_bringup', 'pythonpath')
[0.335s] INFO:colcon.colcon_core.shell:Creating environment hook '/home/ils3/irrobot_ws/install/irrobot_bringup/share/irrobot_bringup/hook/pythonpath.ps1'
[0.335s] INFO:colcon.colcon_core.shell:Creating environment descriptor '/home/ils3/irrobot_ws/install/irrobot_bringup/share/irrobot_bringup/hook/pythonpath.dsv'
[0.335s] INFO:colcon.colcon_core.shell:Creating environment hook '/home/ils3/irrobot_ws/install/irrobot_bringup/share/irrobot_bringup/hook/pythonpath.sh'
[0.336s] Level 1:colcon.colcon_core.environment:checking '/home/ils3/irrobot_ws/install/irrobot_bringup/bin'
[0.336s] INFO:colcon.colcon_core.shell:Creating package script '/home/ils3/irrobot_ws/install/irrobot_bringup/share/irrobot_bringup/package.ps1'
[0.336s] INFO:colcon.colcon_core.shell:Creating package descriptor '/home/ils3/irrobot_ws/install/irrobot_bringup/share/irrobot_bringup/package.dsv'
[0.337s] INFO:colcon.colcon_core.shell:Creating package script '/home/ils3/irrobot_ws/install/irrobot_bringup/share/irrobot_bringup/package.sh'
[0.337s] INFO:colcon.colcon_core.shell:Creating package script '/home/ils3/irrobot_ws/install/irrobot_bringup/share/irrobot_bringup/package.bash'
[0.338s] INFO:colcon.colcon_core.shell:Creating package script '/home/ils3/irrobot_ws/install/irrobot_bringup/share/irrobot_bringup/package.zsh'
[0.338s] Level 1:colcon.colcon_core.environment:create_file_with_runtime_dependencies(/home/ils3/irrobot_ws/install/irrobot_bringup/share/colcon-core/packages/irrobot_bringup)
[0.338s] Level 1:colcon.colcon_core.environment:create_environment_scripts_only(irrobot_bringup)
[0.339s] Level 1:colcon.colcon_core.environment:checking '/home/ils3/irrobot_ws/install/irrobot_bringup' for CMake module files
[0.339s] Level 1:colcon.colcon_core.environment:checking '/home/ils3/irrobot_ws/install/irrobot_bringup' for CMake config files
[0.339s] Level 1:colcon.colcon_core.shell:create_environment_hook('irrobot_bringup', 'cmake_prefix_path')
[0.339s] INFO:colcon.colcon_core.shell:Creating environment hook '/home/ils3/irrobot_ws/install/irrobot_bringup/share/irrobot_bringup/hook/cmake_prefix_path.ps1'
[0.339s] INFO:colcon.colcon_core.shell:Creating environment descriptor '/home/ils3/irrobot_ws/install/irrobot_bringup/share/irrobot_bringup/hook/cmake_prefix_path.dsv'
[0.340s] INFO:colcon.colcon_core.shell:Creating environment hook '/home/ils3/irrobot_ws/install/irrobot_bringup/share/irrobot_bringup/hook/cmake_prefix_path.sh'
[0.340s] Level 1:colcon.colcon_core.environment:checking '/home/ils3/irrobot_ws/install/irrobot_bringup/lib'
[0.340s] Level 1:colcon.colcon_core.environment:checking '/home/ils3/irrobot_ws/install/irrobot_bringup/bin'
[0.340s] Level 1:colcon.colcon_core.environment:checking '/home/ils3/irrobot_ws/install/irrobot_bringup/lib/pkgconfig/irrobot_bringup.pc'
[0.340s] Level 1:colcon.colcon_core.environment:checking '/home/ils3/irrobot_ws/install/irrobot_bringup/lib/python3.10/site-packages'
[0.340s] Level 1:colcon.colcon_core.shell:create_environment_hook('irrobot_bringup', 'pythonpath')
[0.340s] INFO:colcon.colcon_core.shell:Creating environment hook '/home/ils3/irrobot_ws/install/irrobot_bringup/share/irrobot_bringup/hook/pythonpath.ps1'
[0.340s] INFO:colcon.colcon_core.shell:Creating environment descriptor '/home/ils3/irrobot_ws/install/irrobot_bringup/share/irrobot_bringup/hook/pythonpath.dsv'
[0.341s] INFO:colcon.colcon_core.shell:Creating environment hook '/home/ils3/irrobot_ws/install/irrobot_bringup/share/irrobot_bringup/hook/pythonpath.sh'
[0.341s] Level 1:colcon.colcon_core.environment:checking '/home/ils3/irrobot_ws/install/irrobot_bringup/bin'
[0.341s] INFO:colcon.colcon_core.shell:Creating package script '/home/ils3/irrobot_ws/install/irrobot_bringup/share/irrobot_bringup/package.ps1'
[0.341s] INFO:colcon.colcon_core.shell:Creating package descriptor '/home/ils3/irrobot_ws/install/irrobot_bringup/share/irrobot_bringup/package.dsv'
[0.342s] INFO:colcon.colcon_core.shell:Creating package script '/home/ils3/irrobot_ws/install/irrobot_bringup/share/irrobot_bringup/package.sh'
[0.342s] INFO:colcon.colcon_core.shell:Creating package script '/home/ils3/irrobot_ws/install/irrobot_bringup/share/irrobot_bringup/package.bash'
[0.342s] INFO:colcon.colcon_core.shell:Creating package script '/home/ils3/irrobot_ws/install/irrobot_bringup/share/irrobot_bringup/package.zsh'
[0.342s] Level 1:colcon.colcon_core.environment:create_file_with_runtime_dependencies(/home/ils3/irrobot_ws/install/irrobot_bringup/share/colcon-core/packages/irrobot_bringup)
[0.515s] DEBUG:colcon.colcon_core.event_handler.log_command:Invoking command in '/home/ils3/irrobot_ws/src/irrobot_description': PYTHONPATH=/home/ils3/irrobot_ws/build/irrobot_description/prefix_override:/usr/lib/python3/dist-packages/colcon_core/task/python/colcon_distutils_commands:/home/ils3/irrobot_ws/install/irrobot_description/lib/python3.10/site-packages:${PYTHONPATH} /usr/bin/python3 -W ignore:setup.py install is deprecated -W ignore:easy_install command is deprecated setup.py egg_info --egg-base ../../build/irrobot_description build --build-base /home/ils3/irrobot_ws/build/irrobot_description/build install --record /home/ils3/irrobot_ws/build/irrobot_description/install.log --single-version-externally-managed install_data
[0.659s] Level 1:colcon.colcon_core.environment:checking '/home/ils3/irrobot_ws/install/irrobot_description' for CMake module files
[0.660s] DEBUG:colcon.colcon_core.event_handler.log_command:Invoked command in '/home/ils3/irrobot_ws/src/irrobot_description' returned '0': PYTHONPATH=/home/ils3/irrobot_ws/build/irrobot_description/prefix_override:/usr/lib/python3/dist-packages/colcon_core/task/python/colcon_distutils_commands:/home/ils3/irrobot_ws/install/irrobot_description/lib/python3.10/site-packages:${PYTHONPATH} /usr/bin/python3 -W ignore:setup.py install is deprecated -W ignore:easy_install command is deprecated setup.py egg_info --egg-base ../../build/irrobot_description build --build-base /home/ils3/irrobot_ws/build/irrobot_description/build install --record /home/ils3/irrobot_ws/build/irrobot_description/install.log --single-version-externally-managed install_data
[0.660s] Level 1:colcon.colcon_core.environment:checking '/home/ils3/irrobot_ws/install/irrobot_description' for CMake config files
[0.660s] Level 1:colcon.colcon_core.environment:checking '/home/ils3/irrobot_ws/install/irrobot_description/lib'
[0.660s] Level 1:colcon.colcon_core.environment:checking '/home/ils3/irrobot_ws/install/irrobot_description/bin'
[0.660s] Level 1:colcon.colcon_core.environment:checking '/home/ils3/irrobot_ws/install/irrobot_description/lib/pkgconfig/irrobot_description.pc'
[0.660s] Level 1:colcon.colcon_core.environment:checking '/home/ils3/irrobot_ws/install/irrobot_description/lib/python3.10/site-packages'
[0.660s] Level 1:colcon.colcon_core.shell:create_environment_hook('irrobot_description', 'pythonpath')
[0.660s] INFO:colcon.colcon_core.shell:Creating environment hook '/home/ils3/irrobot_ws/install/irrobot_description/share/irrobot_description/hook/pythonpath.ps1'
[0.661s] INFO:colcon.colcon_core.shell:Creating environment descriptor '/home/ils3/irrobot_ws/install/irrobot_description/share/irrobot_description/hook/pythonpath.dsv'
[0.661s] INFO:colcon.colcon_core.shell:Creating environment hook '/home/ils3/irrobot_ws/install/irrobot_description/share/irrobot_description/hook/pythonpath.sh'
[0.661s] Level 1:colcon.colcon_core.environment:checking '/home/ils3/irrobot_ws/install/irrobot_description/bin'
[0.661s] Level 1:colcon.colcon_core.environment:create_environment_scripts_only(irrobot_description)
[0.661s] INFO:colcon.colcon_core.shell:Creating package script '/home/ils3/irrobot_ws/install/irrobot_description/share/irrobot_description/package.ps1'
[0.662s] INFO:colcon.colcon_core.shell:Creating package descriptor '/home/ils3/irrobot_ws/install/irrobot_description/share/irrobot_description/package.dsv'
[0.662s] INFO:colcon.colcon_core.shell:Creating package script '/home/ils3/irrobot_ws/install/irrobot_description/share/irrobot_description/package.sh'
[0.662s] INFO:colcon.colcon_core.shell:Creating package script '/home/ils3/irrobot_ws/install/irrobot_description/share/irrobot_description/package.bash'
[0.662s] INFO:colcon.colcon_core.shell:Creating package script '/home/ils3/irrobot_ws/install/irrobot_description/share/irrobot_description/package.zsh'
[0.662s] Level 1:colcon.colcon_core.environment:create_file_with_runtime_dependencies(/home/ils3/irrobot_ws/install/irrobot_description/share/colcon-core/packages/irrobot_description)
[0.662s] DEBUG:colcon.colcon_parallel_executor.executor.parallel:closing loop
[0.662s] DEBUG:colcon.colcon_parallel_executor.executor.parallel:loop closed
[0.662s] DEBUG:colcon.colcon_parallel_executor.executor.parallel:run_until_complete finished with '0'
[0.662s] DEBUG:colcon.colcon_core.event_reactor:joining thread
[0.665s] INFO:colcon.colcon_core.plugin_system:Skipping extension 'colcon_notification.desktop_notification.terminal_notifier': Not used on non-Darwin systems
[0.665s] INFO:colcon.colcon_core.plugin_system:Skipping extension 'colcon_notification.desktop_notification.win32': Not used on non-Windows systems
[0.665s] INFO:colcon.colcon_notification.desktop_notification:Sending desktop notification using 'notify2'
[0.673s] DEBUG:colcon.colcon_core.event_reactor:joined thread
[0.673s] INFO:colcon.colcon_core.shell:Creating prefix script '/home/ils3/irrobot_ws/install/local_setup.ps1'
[0.674s] INFO:colcon.colcon_core.shell:Creating prefix util module '/home/ils3/irrobot_ws/install/_local_setup_util_ps1.py'
[0.674s] INFO:colcon.colcon_core.shell:Creating prefix chain script '/home/ils3/irrobot_ws/install/setup.ps1'
[0.675s] INFO:colcon.colcon_core.shell:Creating prefix script '/home/ils3/irrobot_ws/install/local_setup.sh'
[0.675s] INFO:colcon.colcon_core.shell:Creating prefix util module '/home/ils3/irrobot_ws/install/_local_setup_util_sh.py'
[0.675s] INFO:colcon.colcon_core.shell:Creating prefix chain script '/home/ils3/irrobot_ws/install/setup.sh'
[0.676s] INFO:colcon.colcon_core.shell:Creating prefix script '/home/ils3/irrobot_ws/install/local_setup.bash'
[0.676s] INFO:colcon.colcon_core.shell:Creating prefix chain script '/home/ils3/irrobot_ws/install/setup.bash'
[0.677s] INFO:colcon.colcon_core.shell:Creating prefix script '/home/ils3/irrobot_ws/install/local_setup.zsh'
[0.677s] INFO:colcon.colcon_core.shell:Creating prefix chain script '/home/ils3/irrobot_ws/install/setup.zsh'
