[0.479s] Invoking command in '/home/ils3/irrobot_ws/src/irrobot_description': PYTHONPATH=/home/ils3/irrobot_ws/build/irrobot_description/prefix_override:/usr/lib/python3/dist-packages/colcon_core/task/python/colcon_distutils_commands:/home/ils3/irrobot_ws/install/irrobot_description/lib/python3.10/site-packages:${PYTHONPATH} /usr/bin/python3 -W ignore:setup.py install is deprecated -W ignore:easy_install command is deprecated setup.py egg_info --egg-base ../../build/irrobot_description build --build-base /home/ils3/irrobot_ws/build/irrobot_description/build install --record /home/ils3/irrobot_ws/build/irrobot_description/install.log --install-scripts $base/lib/irrobot_description --single-version-externally-managed install_data
[0.610s] /usr/lib/python3/dist-packages/setuptools/dist.py:723: UserWarning: Usage of dash-separated 'script-dir' will not be supported in future versions. Please use the underscore name 'script_dir' instead
[0.610s]   warnings.warn(
[0.615s] running egg_info
[0.615s] writing ../../build/irrobot_description/irrobot_description.egg-info/PKG-INFO
[0.617s] writing dependency_links to ../../build/irrobot_description/irrobot_description.egg-info/dependency_links.txt
[0.617s] writing entry points to ../../build/irrobot_description/irrobot_description.egg-info/entry_points.txt
[0.617s] writing requirements to ../../build/irrobot_description/irrobot_description.egg-info/requires.txt
[0.617s] writing top-level names to ../../build/irrobot_description/irrobot_description.egg-info/top_level.txt
[0.619s] reading manifest file '../../build/irrobot_description/irrobot_description.egg-info/SOURCES.txt'
[0.619s] writing manifest file '../../build/irrobot_description/irrobot_description.egg-info/SOURCES.txt'
[0.619s] running build
[0.619s] running build_py
[0.619s] copying irrobot_description/__init__.py -> /home/ils3/irrobot_ws/build/irrobot_description/build/lib/irrobot_description
[0.620s] running install
[0.620s] running install_lib
[0.620s] copying /home/ils3/irrobot_ws/build/irrobot_description/build/lib/irrobot_description/__init__.py -> /home/ils3/irrobot_ws/install/irrobot_description/lib/python3.10/site-packages/irrobot_description
[0.621s] byte-compiling /home/ils3/irrobot_ws/install/irrobot_description/lib/python3.10/site-packages/irrobot_description/__init__.py to __init__.cpython-310.pyc
[0.621s] running install_data
[0.621s] copying resource/irrobot_description -> /home/ils3/irrobot_ws/install/irrobot_description/share/ament_index/resource_index/packages
[0.621s] copying package.xml -> /home/ils3/irrobot_ws/install/irrobot_description/share/irrobot_description
[0.621s] creating /home/ils3/irrobot_ws/install/irrobot_description/share/irrobot_description/launch
[0.621s] copying launch/display.launch.py -> /home/ils3/irrobot_ws/install/irrobot_description/share/irrobot_description/launch
[0.621s] copying launch/gazebo.launch.py -> /home/ils3/irrobot_ws/install/irrobot_description/share/irrobot_description/launch
[0.621s] creating /home/ils3/irrobot_ws/install/irrobot_description/share/irrobot_description/urdf
[0.621s] copying urdf/materials.xacro -> /home/ils3/irrobot_ws/install/irrobot_description/share/irrobot_description/urdf
[0.621s] copying urdf/irrobot.gazebo -> /home/ils3/irrobot_ws/install/irrobot_description/share/irrobot_description/urdf
[0.621s] copying urdf/irrobot.trans -> /home/ils3/irrobot_ws/install/irrobot_description/share/irrobot_description/urdf
[0.621s] copying urdf/irrobot.xacro -> /home/ils3/irrobot_ws/install/irrobot_description/share/irrobot_description/urdf
[0.621s] creating /home/ils3/irrobot_ws/install/irrobot_description/share/irrobot_description/meshes
[0.621s] copying meshes/box_motor_2_1.stl -> /home/ils3/irrobot_ws/install/irrobot_description/share/irrobot_description/meshes
[0.621s] copying meshes/front_base_1.stl -> /home/ils3/irrobot_ws/install/irrobot_description/share/irrobot_description/meshes
[0.621s] copying meshes/motor_right_2_1.stl -> /home/ils3/irrobot_ws/install/irrobot_description/share/irrobot_description/meshes
[0.622s] copying meshes/box_motor_4_1.stl -> /home/ils3/irrobot_ws/install/irrobot_description/share/irrobot_description/meshes
[0.622s] copying meshes/left_wheel_1_1.stl -> /home/ils3/irrobot_ws/install/irrobot_description/share/irrobot_description/meshes
[0.622s] copying meshes/motor_left_2_1.stl -> /home/ils3/irrobot_ws/install/irrobot_description/share/irrobot_description/meshes
[0.622s] copying meshes/box_motor_3_1.stl -> /home/ils3/irrobot_ws/install/irrobot_description/share/irrobot_description/meshes
[0.622s] copying meshes/right_wheel_1_1.stl -> /home/ils3/irrobot_ws/install/irrobot_description/share/irrobot_description/meshes
[0.623s] copying meshes/base_link.stl -> /home/ils3/irrobot_ws/install/irrobot_description/share/irrobot_description/meshes
[0.623s] copying meshes/box_motor_1_1.stl -> /home/ils3/irrobot_ws/install/irrobot_description/share/irrobot_description/meshes
[0.623s] copying meshes/motor_left_1_1.stl -> /home/ils3/irrobot_ws/install/irrobot_description/share/irrobot_description/meshes
[0.623s] copying meshes/left_wheel_2_1.stl -> /home/ils3/irrobot_ws/install/irrobot_description/share/irrobot_description/meshes
[0.624s] copying meshes/right_wheel_2_1.stl -> /home/ils3/irrobot_ws/install/irrobot_description/share/irrobot_description/meshes
[0.624s] copying meshes/motor_right_1_1.stl -> /home/ils3/irrobot_ws/install/irrobot_description/share/irrobot_description/meshes
[0.624s] creating /home/ils3/irrobot_ws/install/irrobot_description/share/irrobot_description/config
[0.624s] copying config/display.rviz -> /home/ils3/irrobot_ws/install/irrobot_description/share/irrobot_description/config
[0.624s] running install_egg_info
[0.625s] removing '/home/ils3/irrobot_ws/install/irrobot_description/lib/python3.10/site-packages/irrobot_description-0.0.0-py3.10.egg-info' (and everything under it)
[0.625s] Copying ../../build/irrobot_description/irrobot_description.egg-info to /home/ils3/irrobot_ws/install/irrobot_description/lib/python3.10/site-packages/irrobot_description-0.0.0-py3.10.egg-info
[0.626s] running install_scripts
[0.638s] writing list of installed files to '/home/ils3/irrobot_ws/build/irrobot_description/install.log'
[0.651s] Invoked command in '/home/ils3/irrobot_ws/src/irrobot_description' returned '0': PYTHONPATH=/home/ils3/irrobot_ws/build/irrobot_description/prefix_override:/usr/lib/python3/dist-packages/colcon_core/task/python/colcon_distutils_commands:/home/ils3/irrobot_ws/install/irrobot_description/lib/python3.10/site-packages:${PYTHONPATH} /usr/bin/python3 -W ignore:setup.py install is deprecated -W ignore:easy_install command is deprecated setup.py egg_info --egg-base ../../build/irrobot_description build --build-base /home/ils3/irrobot_ws/build/irrobot_description/build install --record /home/ils3/irrobot_ws/build/irrobot_description/install.log --install-scripts $base/lib/irrobot_description --single-version-externally-managed install_data
