[0.007s] Invoking command in '/home/ils3/irrobot_ws/build/irrobot_bringup': CMAKE_PREFIX_PATH=${CMAKE_PREFIX_PATH}:/home/ils3/irrobot_ws/install/irrobot_description:/home/ils3/irrobot_ws/install/irrobot_bringup:/opt/ros/humble /usr/bin/cmake /home/ils3/irrobot_ws/src/irrobot_bringup -DCMAKE_INSTALL_PREFIX=/home/ils3/irrobot_ws/install/irrobot_bringup
[0.159s] -- The C compiler identification is GNU 11.4.0
[0.218s] -- The CXX compiler identification is GNU 11.4.0
[0.228s] -- Detecting C compiler ABI info
[0.286s] -- Detecting C compiler ABI info - done
[0.292s] -- Check for working C compiler: /usr/bin/cc - skipped
[0.293s] -- Detecting C compile features
[0.295s] -- Detecting C compile features - done
[0.297s] -- Detecting CXX compiler ABI info
[0.351s] -- Detecting CXX compiler ABI info - done
[0.356s] -- Check for working CXX compiler: /usr/bin/c++ - skipped
[0.356s] -- Detecting CXX compile features
[0.356s] -- Detecting CXX compile features - done
[0.360s] -- Found ament_cmake: 1.3.11 (/opt/ros/humble/share/ament_cmake/cmake)
[0.457s] -- Found Python3: /usr/bin/python3 (found version "3.10.12") found components: Interpreter 
[0.563s] -- Configuring done
[0.564s] -- Generating done
[0.565s] -- Build files have been written to: /home/ils3/irrobot_ws/build/irrobot_bringup
[0.568s] Invoked command in '/home/ils3/irrobot_ws/build/irrobot_bringup' returned '0': CMAKE_PREFIX_PATH=${CMAKE_PREFIX_PATH}:/home/ils3/irrobot_ws/install/irrobot_description:/home/ils3/irrobot_ws/install/irrobot_bringup:/opt/ros/humble /usr/bin/cmake /home/ils3/irrobot_ws/src/irrobot_bringup -DCMAKE_INSTALL_PREFIX=/home/ils3/irrobot_ws/install/irrobot_bringup
[0.569s] Invoking command in '/home/ils3/irrobot_ws/build/irrobot_bringup': CMAKE_PREFIX_PATH=${CMAKE_PREFIX_PATH}:/home/ils3/irrobot_ws/install/irrobot_description:/home/ils3/irrobot_ws/install/irrobot_bringup:/opt/ros/humble /usr/bin/cmake --build /home/ils3/irrobot_ws/build/irrobot_bringup -- -j20 -l20
[0.599s] Invoked command in '/home/ils3/irrobot_ws/build/irrobot_bringup' returned '0': CMAKE_PREFIX_PATH=${CMAKE_PREFIX_PATH}:/home/ils3/irrobot_ws/install/irrobot_description:/home/ils3/irrobot_ws/install/irrobot_bringup:/opt/ros/humble /usr/bin/cmake --build /home/ils3/irrobot_ws/build/irrobot_bringup -- -j20 -l20
[0.609s] Invoking command in '/home/ils3/irrobot_ws/build/irrobot_bringup': CMAKE_PREFIX_PATH=${CMAKE_PREFIX_PATH}:/home/ils3/irrobot_ws/install/irrobot_description:/home/ils3/irrobot_ws/install/irrobot_bringup:/opt/ros/humble /usr/bin/cmake --install /home/ils3/irrobot_ws/build/irrobot_bringup
[0.616s] -- Install configuration: ""
[0.616s] -- Installing: /home/ils3/irrobot_ws/install/irrobot_bringup/share/irrobot_bringup//config
[0.616s] -- Installing: /home/ils3/irrobot_ws/install/irrobot_bringup/share/irrobot_bringup//config/irrobot_controllers.yaml
[0.616s] -- Installing: /home/ils3/irrobot_ws/install/irrobot_bringup/share/ament_index/resource_index/package_run_dependencies/irrobot_bringup
[0.616s] -- Installing: /home/ils3/irrobot_ws/install/irrobot_bringup/share/ament_index/resource_index/parent_prefix_path/irrobot_bringup
[0.616s] -- Installing: /home/ils3/irrobot_ws/install/irrobot_bringup/share/irrobot_bringup/environment/ament_prefix_path.sh
[0.616s] -- Installing: /home/ils3/irrobot_ws/install/irrobot_bringup/share/irrobot_bringup/environment/ament_prefix_path.dsv
[0.616s] -- Installing: /home/ils3/irrobot_ws/install/irrobot_bringup/share/irrobot_bringup/environment/path.sh
[0.617s] -- Installing: /home/ils3/irrobot_ws/install/irrobot_bringup/share/irrobot_bringup/environment/path.dsv
[0.617s] -- Installing: /home/ils3/irrobot_ws/install/irrobot_bringup/share/irrobot_bringup/local_setup.bash
[0.617s] -- Installing: /home/ils3/irrobot_ws/install/irrobot_bringup/share/irrobot_bringup/local_setup.sh
[0.617s] -- Installing: /home/ils3/irrobot_ws/install/irrobot_bringup/share/irrobot_bringup/local_setup.zsh
[0.617s] -- Installing: /home/ils3/irrobot_ws/install/irrobot_bringup/share/irrobot_bringup/local_setup.dsv
[0.617s] -- Installing: /home/ils3/irrobot_ws/install/irrobot_bringup/share/irrobot_bringup/package.dsv
[0.617s] -- Installing: /home/ils3/irrobot_ws/install/irrobot_bringup/share/ament_index/resource_index/packages/irrobot_bringup
[0.617s] -- Installing: /home/ils3/irrobot_ws/install/irrobot_bringup/share/irrobot_bringup/cmake/irrobot_bringupConfig.cmake
[0.617s] -- Installing: /home/ils3/irrobot_ws/install/irrobot_bringup/share/irrobot_bringup/cmake/irrobot_bringupConfig-version.cmake
[0.617s] -- Installing: /home/ils3/irrobot_ws/install/irrobot_bringup/share/irrobot_bringup/package.xml
[0.620s] Invoked command in '/home/ils3/irrobot_ws/build/irrobot_bringup' returned '0': CMAKE_PREFIX_PATH=${CMAKE_PREFIX_PATH}:/home/ils3/irrobot_ws/install/irrobot_description:/home/ils3/irrobot_ws/install/irrobot_bringup:/opt/ros/humble /usr/bin/cmake --install /home/ils3/irrobot_ws/build/irrobot_bringup
