[0.126s] Invoking command in '/home/ils3/irrobot_ws/build/irrobot_hardware': CMAKE_PREFIX_PATH=${CMAKE_PREFIX_PATH}:/home/ils3/irrobot_ws/install/irrobot_description:/opt/ros/humble /usr/bin/cmake --build /home/ils3/irrobot_ws/build/irrobot_hardware -- -j20 -l20
[0.151s] Invoked command in '/home/ils3/irrobot_ws/build/irrobot_hardware' returned '0': CMAKE_PREFIX_PATH=${CMAKE_PREFIX_PATH}:/home/ils3/irrobot_ws/install/irrobot_description:/opt/ros/humble /usr/bin/cmake --build /home/ils3/irrobot_ws/build/irrobot_hardware -- -j20 -l20
[0.157s] Invoking command in '/home/ils3/irrobot_ws/build/irrobot_hardware': CMAKE_PREFIX_PATH=${CMAKE_PREFIX_PATH}:/home/ils3/irrobot_ws/install/irrobot_description:/opt/ros/humble /usr/bin/cmake --install /home/ils3/irrobot_ws/build/irrobot_hardware
[0.162s] -- Install configuration: ""
[0.162s] -- Up-to-date: /home/ils3/irrobot_ws/install/irrobot_hardware/share/ament_index/resource_index/package_run_dependencies/irrobot_hardware
[0.162s] -- Up-to-date: /home/ils3/irrobot_ws/install/irrobot_hardware/share/ament_index/resource_index/parent_prefix_path/irrobot_hardware
[0.162s] -- Up-to-date: /home/ils3/irrobot_ws/install/irrobot_hardware/share/irrobot_hardware/environment/ament_prefix_path.sh
[0.162s] -- Up-to-date: /home/ils3/irrobot_ws/install/irrobot_hardware/share/irrobot_hardware/environment/ament_prefix_path.dsv
[0.162s] -- Up-to-date: /home/ils3/irrobot_ws/install/irrobot_hardware/share/irrobot_hardware/environment/path.sh
[0.162s] -- Up-to-date: /home/ils3/irrobot_ws/install/irrobot_hardware/share/irrobot_hardware/environment/path.dsv
[0.162s] -- Up-to-date: /home/ils3/irrobot_ws/install/irrobot_hardware/share/irrobot_hardware/local_setup.bash
[0.162s] -- Up-to-date: /home/ils3/irrobot_ws/install/irrobot_hardware/share/irrobot_hardware/local_setup.sh
[0.162s] -- Up-to-date: /home/ils3/irrobot_ws/install/irrobot_hardware/share/irrobot_hardware/local_setup.zsh
[0.162s] -- Up-to-date: /home/ils3/irrobot_ws/install/irrobot_hardware/share/irrobot_hardware/local_setup.dsv
[0.163s] -- Installing: /home/ils3/irrobot_ws/install/irrobot_hardware/share/irrobot_hardware/package.dsv
[0.163s] -- Up-to-date: /home/ils3/irrobot_ws/install/irrobot_hardware/share/ament_index/resource_index/packages/irrobot_hardware
[0.163s] -- Up-to-date: /home/ils3/irrobot_ws/install/irrobot_hardware/share/irrobot_hardware/cmake/irrobot_hardwareConfig.cmake
[0.163s] -- Up-to-date: /home/ils3/irrobot_ws/install/irrobot_hardware/share/irrobot_hardware/cmake/irrobot_hardwareConfig-version.cmake
[0.163s] -- Up-to-date: /home/ils3/irrobot_ws/install/irrobot_hardware/share/irrobot_hardware/package.xml
[0.164s] Invoked command in '/home/ils3/irrobot_ws/build/irrobot_hardware' returned '0': CMAKE_PREFIX_PATH=${CMAKE_PREFIX_PATH}:/home/ils3/irrobot_ws/install/irrobot_description:/opt/ros/humble /usr/bin/cmake --install /home/ils3/irrobot_ws/build/irrobot_hardware
