[0.006s] Invoking command in '/home/ils3/irrobot_ws/build/irrobot_bringup': CMAKE_PREFIX_PATH=${CMAKE_PREFIX_PATH}:/home/ils3/irrobot_ws/install/irrobot_description:/opt/ros/humble /usr/bin/cmake --build /home/ils3/irrobot_ws/build/irrobot_bringup -- -j20 -l20
[0.033s] Invoked command in '/home/ils3/irrobot_ws/build/irrobot_bringup' returned '0': CMAKE_PREFIX_PATH=${CMAKE_PREFIX_PATH}:/home/ils3/irrobot_ws/install/irrobot_description:/opt/ros/humble /usr/bin/cmake --build /home/ils3/irrobot_ws/build/irrobot_bringup -- -j20 -l20
[0.043s] Invoking command in '/home/ils3/irrobot_ws/build/irrobot_bringup': CMAKE_PREFIX_PATH=${CMAKE_PREFIX_PATH}:/home/ils3/irrobot_ws/install/irrobot_description:/opt/ros/humble /usr/bin/cmake --install /home/ils3/irrobot_ws/build/irrobot_bringup
[0.049s] -- Install configuration: ""
[0.049s] -- Up-to-date: /home/ils3/irrobot_ws/install/irrobot_bringup/share/irrobot_bringup//config
[0.049s] -- Up-to-date: /home/ils3/irrobot_ws/install/irrobot_bringup/share/irrobot_bringup//config/irrobot_controllers.yaml
[0.050s] -- Up-to-date: /home/ils3/irrobot_ws/install/irrobot_bringup/share/irrobot_bringup//launch
[0.050s] -- Up-to-date: /home/ils3/irrobot_ws/install/irrobot_bringup/share/irrobot_bringup//launch/irrobot_launch.py
[0.050s] -- Up-to-date: /home/ils3/irrobot_ws/install/irrobot_bringup/share/ament_index/resource_index/package_run_dependencies/irrobot_bringup
[0.050s] -- Up-to-date: /home/ils3/irrobot_ws/install/irrobot_bringup/share/ament_index/resource_index/parent_prefix_path/irrobot_bringup
[0.050s] -- Up-to-date: /home/ils3/irrobot_ws/install/irrobot_bringup/share/irrobot_bringup/environment/ament_prefix_path.sh
[0.050s] -- Up-to-date: /home/ils3/irrobot_ws/install/irrobot_bringup/share/irrobot_bringup/environment/ament_prefix_path.dsv
[0.050s] -- Up-to-date: /home/ils3/irrobot_ws/install/irrobot_bringup/share/irrobot_bringup/environment/path.sh
[0.050s] -- Up-to-date: /home/ils3/irrobot_ws/install/irrobot_bringup/share/irrobot_bringup/environment/path.dsv
[0.050s] -- Up-to-date: /home/ils3/irrobot_ws/install/irrobot_bringup/share/irrobot_bringup/local_setup.bash
[0.050s] -- Up-to-date: /home/ils3/irrobot_ws/install/irrobot_bringup/share/irrobot_bringup/local_setup.sh
[0.050s] -- Up-to-date: /home/ils3/irrobot_ws/install/irrobot_bringup/share/irrobot_bringup/local_setup.zsh
[0.050s] -- Up-to-date: /home/ils3/irrobot_ws/install/irrobot_bringup/share/irrobot_bringup/local_setup.dsv
[0.050s] -- Installing: /home/ils3/irrobot_ws/install/irrobot_bringup/share/irrobot_bringup/package.dsv
[0.051s] -- Up-to-date: /home/ils3/irrobot_ws/install/irrobot_bringup/share/ament_index/resource_index/packages/irrobot_bringup
[0.051s] -- Up-to-date: /home/ils3/irrobot_ws/install/irrobot_bringup/share/irrobot_bringup/cmake/irrobot_bringupConfig.cmake
[0.051s] -- Up-to-date: /home/ils3/irrobot_ws/install/irrobot_bringup/share/irrobot_bringup/cmake/irrobot_bringupConfig-version.cmake
[0.051s] -- Up-to-date: /home/ils3/irrobot_ws/install/irrobot_bringup/share/irrobot_bringup/package.xml
[0.053s] Invoked command in '/home/ils3/irrobot_ws/build/irrobot_bringup' returned '0': CMAKE_PREFIX_PATH=${CMAKE_PREFIX_PATH}:/home/ils3/irrobot_ws/install/irrobot_description:/opt/ros/humble /usr/bin/cmake --install /home/ils3/irrobot_ws/build/irrobot_bringup
