running egg_info
creating ../../build/irrobot_bringup/irrobot_bringup.egg-info
writing ../../build/irrobot_bringup/irrobot_bringup.egg-info/PKG-INFO
writing dependency_links to ../../build/irrobot_bringup/irrobot_bringup.egg-info/dependency_links.txt
writing entry points to ../../build/irrobot_bringup/irrobot_bringup.egg-info/entry_points.txt
writing requirements to ../../build/irrobot_bringup/irrobot_bringup.egg-info/requires.txt
writing top-level names to ../../build/irrobot_bringup/irrobot_bringup.egg-info/top_level.txt
writing manifest file '../../build/irrobot_bringup/irrobot_bringup.egg-info/SOURCES.txt'
reading manifest file '../../build/irrobot_bringup/irrobot_bringup.egg-info/SOURCES.txt'
writing manifest file '../../build/irrobot_bringup/irrobot_bringup.egg-info/SOURCES.txt'
running build
running build_py
creating /home/ils3/irrobot_ws/build/irrobot_bringup/build
creating /home/ils3/irrobot_ws/build/irrobot_bringup/build/lib
creating /home/ils3/irrobot_ws/build/irrobot_bringup/build/lib/irrobot_bringup
copying irrobot_bringup/__init__.py -> /home/ils3/irrobot_ws/build/irrobot_bringup/build/lib/irrobot_bringup
running install
running install_lib
creating /home/ils3/irrobot_ws/install/irrobot_bringup/lib/python3.10/site-packages/irrobot_bringup
copying /home/ils3/irrobot_ws/build/irrobot_bringup/build/lib/irrobot_bringup/__init__.py -> /home/ils3/irrobot_ws/install/irrobot_bringup/lib/python3.10/site-packages/irrobot_bringup
byte-compiling /home/ils3/irrobot_ws/install/irrobot_bringup/lib/python3.10/site-packages/irrobot_bringup/__init__.py to __init__.cpython-310.pyc
running install_data
creating /home/ils3/irrobot_ws/install/irrobot_bringup/share/ament_index
creating /home/ils3/irrobot_ws/install/irrobot_bringup/share/ament_index/resource_index
creating /home/ils3/irrobot_ws/install/irrobot_bringup/share/ament_index/resource_index/packages
copying resource/irrobot_bringup -> /home/ils3/irrobot_ws/install/irrobot_bringup/share/ament_index/resource_index/packages
copying package.xml -> /home/ils3/irrobot_ws/install/irrobot_bringup/share/irrobot_bringup
running install_egg_info
Copying ../../build/irrobot_bringup/irrobot_bringup.egg-info to /home/ils3/irrobot_ws/install/irrobot_bringup/lib/python3.10/site-packages/irrobot_bringup-0.0.0-py3.10.egg-info
running install_scripts
writing list of installed files to '/home/ils3/irrobot_ws/build/irrobot_bringup/install.log'
