[0.501s] Invoking command in '/home/ils3/irrobot_ws/src/irrobot_bringup': PYTHONPATH=/home/ils3/irrobot_ws/build/irrobot_bringup/prefix_override:/usr/lib/python3/dist-packages/colcon_core/task/python/colcon_distutils_commands:/home/ils3/irrobot_ws/install/irrobot_bringup/lib/python3.10/site-packages:${PYTHONPATH} /usr/bin/python3 -W ignore:setup.py install is deprecated -W ignore:easy_install command is deprecated setup.py egg_info --egg-base ../../build/irrobot_bringup build --build-base /home/ils3/irrobot_ws/build/irrobot_bringup/build install --record /home/ils3/irrobot_ws/build/irrobot_bringup/install.log --single-version-externally-managed install_data
[0.638s] running egg_info
[0.638s] creating ../../build/irrobot_bringup/irrobot_bringup.egg-info
[0.638s] writing ../../build/irrobot_bringup/irrobot_bringup.egg-info/PKG-INFO
[0.638s] writing dependency_links to ../../build/irrobot_bringup/irrobot_bringup.egg-info/dependency_links.txt
[0.638s] writing entry points to ../../build/irrobot_bringup/irrobot_bringup.egg-info/entry_points.txt
[0.638s] writing requirements to ../../build/irrobot_bringup/irrobot_bringup.egg-info/requires.txt
[0.638s] writing top-level names to ../../build/irrobot_bringup/irrobot_bringup.egg-info/top_level.txt
[0.638s] writing manifest file '../../build/irrobot_bringup/irrobot_bringup.egg-info/SOURCES.txt'
[0.639s] reading manifest file '../../build/irrobot_bringup/irrobot_bringup.egg-info/SOURCES.txt'
[0.640s] writing manifest file '../../build/irrobot_bringup/irrobot_bringup.egg-info/SOURCES.txt'
[0.640s] running build
[0.640s] running build_py
[0.640s] creating /home/ils3/irrobot_ws/build/irrobot_bringup/build
[0.640s] creating /home/ils3/irrobot_ws/build/irrobot_bringup/build/lib
[0.640s] creating /home/ils3/irrobot_ws/build/irrobot_bringup/build/lib/irrobot_bringup
[0.640s] copying irrobot_bringup/__init__.py -> /home/ils3/irrobot_ws/build/irrobot_bringup/build/lib/irrobot_bringup
[0.640s] running install
[0.640s] running install_lib
[0.640s] creating /home/ils3/irrobot_ws/install/irrobot_bringup/lib/python3.10/site-packages/irrobot_bringup
[0.640s] copying /home/ils3/irrobot_ws/build/irrobot_bringup/build/lib/irrobot_bringup/__init__.py -> /home/ils3/irrobot_ws/install/irrobot_bringup/lib/python3.10/site-packages/irrobot_bringup
[0.641s] byte-compiling /home/ils3/irrobot_ws/install/irrobot_bringup/lib/python3.10/site-packages/irrobot_bringup/__init__.py to __init__.cpython-310.pyc
[0.641s] running install_data
[0.641s] creating /home/ils3/irrobot_ws/install/irrobot_bringup/share/ament_index
[0.641s] creating /home/ils3/irrobot_ws/install/irrobot_bringup/share/ament_index/resource_index
[0.641s] creating /home/ils3/irrobot_ws/install/irrobot_bringup/share/ament_index/resource_index/packages
[0.641s] copying resource/irrobot_bringup -> /home/ils3/irrobot_ws/install/irrobot_bringup/share/ament_index/resource_index/packages
[0.641s] copying package.xml -> /home/ils3/irrobot_ws/install/irrobot_bringup/share/irrobot_bringup
[0.641s] running install_egg_info
[0.642s] Copying ../../build/irrobot_bringup/irrobot_bringup.egg-info to /home/ils3/irrobot_ws/install/irrobot_bringup/lib/python3.10/site-packages/irrobot_bringup-0.0.0-py3.10.egg-info
[0.642s] running install_scripts
[0.655s] writing list of installed files to '/home/ils3/irrobot_ws/build/irrobot_bringup/install.log'
[0.667s] Invoked command in '/home/ils3/irrobot_ws/src/irrobot_bringup' returned '0': PYTHONPATH=/home/ils3/irrobot_ws/build/irrobot_bringup/prefix_override:/usr/lib/python3/dist-packages/colcon_core/task/python/colcon_distutils_commands:/home/ils3/irrobot_ws/install/irrobot_bringup/lib/python3.10/site-packages:${PYTHONPATH} /usr/bin/python3 -W ignore:setup.py install is deprecated -W ignore:easy_install command is deprecated setup.py egg_info --egg-base ../../build/irrobot_bringup build --build-base /home/ils3/irrobot_ws/build/irrobot_bringup/build install --record /home/ils3/irrobot_ws/build/irrobot_bringup/install.log --single-version-externally-managed install_data
