[0.361s] Invoking command in '/home/ils3/irrobot_ws/src/irrobot_description': PYTHONPATH=/home/ils3/irrobot_ws/build/irrobot_description/prefix_override:/usr/lib/python3/dist-packages/colcon_core/task/python/colcon_distutils_commands:/home/ils3/irrobot_ws/install/irrobot_description/lib/python3.10/site-packages:${PYTHONPATH} /usr/bin/python3 -W ignore:setup.py install is deprecated -W ignore:easy_install command is deprecated setup.py egg_info --egg-base ../../build/irrobot_description build --build-base /home/ils3/irrobot_ws/build/irrobot_description/build install --record /home/ils3/irrobot_ws/build/irrobot_description/install.log --single-version-externally-managed install_data
[0.494s] running egg_info
[0.494s] writing ../../build/irrobot_description/irrobot_description.egg-info/PKG-INFO
[0.494s] writing dependency_links to ../../build/irrobot_description/irrobot_description.egg-info/dependency_links.txt
[0.494s] writing entry points to ../../build/irrobot_description/irrobot_description.egg-info/entry_points.txt
[0.494s] writing requirements to ../../build/irrobot_description/irrobot_description.egg-info/requires.txt
[0.494s] writing top-level names to ../../build/irrobot_description/irrobot_description.egg-info/top_level.txt
[0.495s] reading manifest file '../../build/irrobot_description/irrobot_description.egg-info/SOURCES.txt'
[0.496s] writing manifest file '../../build/irrobot_description/irrobot_description.egg-info/SOURCES.txt'
[0.496s] running build
[0.496s] running build_py
[0.496s] copying irrobot_description/__init__.py -> /home/ils3/irrobot_ws/build/irrobot_description/build/lib/irrobot_description
[0.496s] running install
[0.496s] running install_lib
[0.496s] copying /home/ils3/irrobot_ws/build/irrobot_description/build/lib/irrobot_description/__init__.py -> /home/ils3/irrobot_ws/install/irrobot_description/lib/python3.10/site-packages/irrobot_description
[0.497s] byte-compiling /home/ils3/irrobot_ws/install/irrobot_description/lib/python3.10/site-packages/irrobot_description/__init__.py to __init__.cpython-310.pyc
[0.497s] running install_data
[0.497s] copying resource/irrobot_description -> /home/ils3/irrobot_ws/install/irrobot_description/share/ament_index/resource_index/packages
[0.497s] copying package.xml -> /home/ils3/irrobot_ws/install/irrobot_description/share/irrobot_description
[0.497s] running install_egg_info
[0.498s] removing '/home/ils3/irrobot_ws/install/irrobot_description/lib/python3.10/site-packages/irrobot_description-0.0.0-py3.10.egg-info' (and everything under it)
[0.498s] Copying ../../build/irrobot_description/irrobot_description.egg-info to /home/ils3/irrobot_ws/install/irrobot_description/lib/python3.10/site-packages/irrobot_description-0.0.0-py3.10.egg-info
[0.499s] running install_scripts
[0.511s] writing list of installed files to '/home/ils3/irrobot_ws/build/irrobot_description/install.log'
[0.523s] Invoked command in '/home/ils3/irrobot_ws/src/irrobot_description' returned '0': PYTHONPATH=/home/ils3/irrobot_ws/build/irrobot_description/prefix_override:/usr/lib/python3/dist-packages/colcon_core/task/python/colcon_distutils_commands:/home/ils3/irrobot_ws/install/irrobot_description/lib/python3.10/site-packages:${PYTHONPATH} /usr/bin/python3 -W ignore:setup.py install is deprecated -W ignore:easy_install command is deprecated setup.py egg_info --egg-base ../../build/irrobot_description build --build-base /home/ils3/irrobot_ws/build/irrobot_description/build install --record /home/ils3/irrobot_ws/build/irrobot_description/install.log --single-version-externally-managed install_data
