[0.320s] Invoking command in '/home/ils3/irrobot_ws/src/irrobot_description': PYTHONPATH=/home/ils3/irrobot_ws/build/irrobot_description/prefix_override:/usr/lib/python3/dist-packages/colcon_core/task/python/colcon_distutils_commands:/home/ils3/irrobot_ws/install/irrobot_description/lib/python3.10/site-packages:${PYTHONPATH} /usr/bin/python3 -W ignore:setup.py install is deprecated -W ignore:easy_install command is deprecated setup.py egg_info --egg-base ../../build/irrobot_description build --build-base /home/ils3/irrobot_ws/build/irrobot_description/build install --record /home/ils3/irrobot_ws/build/irrobot_description/install.log --single-version-externally-managed install_data
[0.438s] running egg_info
[0.438s] writing ../../build/irrobot_description/irrobot_description.egg-info/PKG-INFO
[0.438s] writing dependency_links to ../../build/irrobot_description/irrobot_description.egg-info/dependency_links.txt
[0.438s] writing entry points to ../../build/irrobot_description/irrobot_description.egg-info/entry_points.txt
[0.438s] writing requirements to ../../build/irrobot_description/irrobot_description.egg-info/requires.txt
[0.438s] writing top-level names to ../../build/irrobot_description/irrobot_description.egg-info/top_level.txt
[0.439s] reading manifest file '../../build/irrobot_description/irrobot_description.egg-info/SOURCES.txt'
[0.439s] writing manifest file '../../build/irrobot_description/irrobot_description.egg-info/SOURCES.txt'
[0.439s] running build
[0.439s] running build_py
[0.439s] running install
[0.440s] running install_lib
[0.440s] running install_data
[0.440s] running install_egg_info
[0.441s] removing '/home/ils3/irrobot_ws/install/irrobot_description/lib/python3.10/site-packages/irrobot_description-0.0.0-py3.10.egg-info' (and everything under it)
[0.441s] Copying ../../build/irrobot_description/irrobot_description.egg-info to /home/ils3/irrobot_ws/install/irrobot_description/lib/python3.10/site-packages/irrobot_description-0.0.0-py3.10.egg-info
[0.442s] running install_scripts
[0.452s] writing list of installed files to '/home/ils3/irrobot_ws/build/irrobot_description/install.log'
[0.463s] Invoked command in '/home/ils3/irrobot_ws/src/irrobot_description' returned '0': PYTHONPATH=/home/ils3/irrobot_ws/build/irrobot_description/prefix_override:/usr/lib/python3/dist-packages/colcon_core/task/python/colcon_distutils_commands:/home/ils3/irrobot_ws/install/irrobot_description/lib/python3.10/site-packages:${PYTHONPATH} /usr/bin/python3 -W ignore:setup.py install is deprecated -W ignore:easy_install command is deprecated setup.py egg_info --egg-base ../../build/irrobot_description build --build-base /home/ils3/irrobot_ws/build/irrobot_description/build install --record /home/ils3/irrobot_ws/build/irrobot_description/install.log --single-version-externally-managed install_data
