[0.365s] Invoking command in '/home/ils3/irrobot_ws/src/irrobot_description': PYTHONPATH=/home/ils3/irrobot_ws/build/irrobot_description/prefix_override:/usr/lib/python3/dist-packages/colcon_core/task/python/colcon_distutils_commands:/home/ils3/irrobot_ws/install/irrobot_description/lib/python3.10/site-packages:${PYTHONPATH} /usr/bin/python3 -W ignore:setup.py install is deprecated -W ignore:easy_install command is deprecated setup.py egg_info --egg-base ../../build/irrobot_description build --build-base /home/ils3/irrobot_ws/build/irrobot_description/build install --record /home/ils3/irrobot_ws/build/irrobot_description/install.log --install-scripts $base/lib/irrobot_description --single-version-externally-managed install_data
[0.495s] /usr/lib/python3/dist-packages/setuptools/dist.py:723: UserWarning: Usage of dash-separated 'script-dir' will not be supported in future versions. Please use the underscore name 'script_dir' instead
[0.495s]   warnings.warn(
[0.500s] running egg_info
[0.501s] writing ../../build/irrobot_description/irrobot_description.egg-info/PKG-INFO
[0.501s] writing dependency_links to ../../build/irrobot_description/irrobot_description.egg-info/dependency_links.txt
[0.501s] writing entry points to ../../build/irrobot_description/irrobot_description.egg-info/entry_points.txt
[0.501s] writing requirements to ../../build/irrobot_description/irrobot_description.egg-info/requires.txt
[0.501s] writing top-level names to ../../build/irrobot_description/irrobot_description.egg-info/top_level.txt
[0.502s] reading manifest file '../../build/irrobot_description/irrobot_description.egg-info/SOURCES.txt'
[0.502s] writing manifest file '../../build/irrobot_description/irrobot_description.egg-info/SOURCES.txt'
[0.503s] running build
[0.503s] running build_py
[0.503s] running install
[0.503s] running install_lib
[0.503s] running install_data
[0.504s] running install_egg_info
[0.505s] removing '/home/ils3/irrobot_ws/install/irrobot_description/lib/python3.10/site-packages/irrobot_description-0.0.0-py3.10.egg-info' (and everything under it)
[0.505s] Copying ../../build/irrobot_description/irrobot_description.egg-info to /home/ils3/irrobot_ws/install/irrobot_description/lib/python3.10/site-packages/irrobot_description-0.0.0-py3.10.egg-info
[0.505s] running install_scripts
[0.517s] writing list of installed files to '/home/ils3/irrobot_ws/build/irrobot_description/install.log'
[0.530s] Invoked command in '/home/ils3/irrobot_ws/src/irrobot_description' returned '0': PYTHONPATH=/home/ils3/irrobot_ws/build/irrobot_description/prefix_override:/usr/lib/python3/dist-packages/colcon_core/task/python/colcon_distutils_commands:/home/ils3/irrobot_ws/install/irrobot_description/lib/python3.10/site-packages:${PYTHONPATH} /usr/bin/python3 -W ignore:setup.py install is deprecated -W ignore:easy_install command is deprecated setup.py egg_info --egg-base ../../build/irrobot_description build --build-base /home/ils3/irrobot_ws/build/irrobot_description/build install --record /home/ils3/irrobot_ws/build/irrobot_description/install.log --install-scripts $base/lib/irrobot_description --single-version-externally-managed install_data
