running egg_info
creating ../../build/irrobot_description/irrobot_description.egg-info
writing ../../build/irrobot_description/irrobot_description.egg-info/PKG-INFO
writing dependency_links to ../../build/irrobot_description/irrobot_description.egg-info/dependency_links.txt
writing entry points to ../../build/irrobot_description/irrobot_description.egg-info/entry_points.txt
writing requirements to ../../build/irrobot_description/irrobot_description.egg-info/requires.txt
writing top-level names to ../../build/irrobot_description/irrobot_description.egg-info/top_level.txt
writing manifest file '../../build/irrobot_description/irrobot_description.egg-info/SOURCES.txt'
reading manifest file '../../build/irrobot_description/irrobot_description.egg-info/SOURCES.txt'
writing manifest file '../../build/irrobot_description/irrobot_description.egg-info/SOURCES.txt'
running build
running build_py
creating /home/ils3/irrobot_ws/build/irrobot_description/build
creating /home/ils3/irrobot_ws/build/irrobot_description/build/lib
creating /home/ils3/irrobot_ws/build/irrobot_description/build/lib/irrobot_description
copying irrobot_description/__init__.py -> /home/ils3/irrobot_ws/build/irrobot_description/build/lib/irrobot_description
running install
running install_lib
creating /home/ils3/irrobot_ws/install/irrobot_description/lib/python3.10/site-packages/irrobot_description
copying /home/ils3/irrobot_ws/build/irrobot_description/build/lib/irrobot_description/__init__.py -> /home/ils3/irrobot_ws/install/irrobot_description/lib/python3.10/site-packages/irrobot_description
byte-compiling /home/ils3/irrobot_ws/install/irrobot_description/lib/python3.10/site-packages/irrobot_description/__init__.py to __init__.cpython-310.pyc
running install_data
creating /home/ils3/irrobot_ws/install/irrobot_description/share/ament_index
creating /home/ils3/irrobot_ws/install/irrobot_description/share/ament_index/resource_index
creating /home/ils3/irrobot_ws/install/irrobot_description/share/ament_index/resource_index/packages
copying resource/irrobot_description -> /home/ils3/irrobot_ws/install/irrobot_description/share/ament_index/resource_index/packages
copying package.xml -> /home/ils3/irrobot_ws/install/irrobot_description/share/irrobot_description
running install_egg_info
Copying ../../build/irrobot_description/irrobot_description.egg-info to /home/ils3/irrobot_ws/install/irrobot_description/lib/python3.10/site-packages/irrobot_description-0.0.0-py3.10.egg-info
running install_scripts
writing list of installed files to '/home/ils3/irrobot_ws/build/irrobot_description/install.log'
