[0.132s] Invoking command in '/home/ils3/irrobot_ws/build/irrobot_hardware': CMAKE_PREFIX_PATH=${CMAKE_PREFIX_PATH}:/home/ils3/irrobot_ws/install/irrobot_description:/opt/ros/humble /usr/bin/cmake /home/ils3/irrobot_ws/src/irrobot_hardware -DCMAKE_INSTALL_PREFIX=/home/ils3/irrobot_ws/install/irrobot_hardware
[0.140s] -- Found ament_cmake: 1.3.11 (/opt/ros/humble/share/ament_cmake/cmake)
[0.215s] -- Found rclcpp: 16.0.12 (/opt/ros/humble/share/rclcpp/cmake)
[0.252s] -- Found rosidl_generator_c: 3.1.6 (/opt/ros/humble/share/rosidl_generator_c/cmake)
[0.256s] -- Found rosidl_adapter: 3.1.6 (/opt/ros/humble/share/rosidl_adapter/cmake)
[0.261s] -- Found rosidl_generator_cpp: 3.1.6 (/opt/ros/humble/share/rosidl_generator_cpp/cmake)
[0.270s] -- Using all available rosidl_typesupport_c: rosidl_typesupport_fastrtps_c;rosidl_typesupport_introspection_c
[0.280s] -- Using all available rosidl_typesupport_cpp: rosidl_typesupport_fastrtps_cpp;rosidl_typesupport_introspection_cpp
[0.309s] -- Found rmw_implementation_cmake: 6.1.2 (/opt/ros/humble/share/rmw_implementation_cmake/cmake)
[0.311s] -- Found rmw_fastrtps_cpp: 6.2.7 (/opt/ros/humble/share/rmw_fastrtps_cpp/cmake)
[0.391s] -- Found OpenSSL: /usr/lib/x86_64-linux-gnu/libcrypto.so (found version "3.0.2")  
[0.410s] -- Found FastRTPS: /opt/ros/humble/include  
[0.435s] -- Using RMW implementation 'rmw_fastrtps_cpp' as default
[0.457s] -- Looking for pthread.h
[0.508s] -- Looking for pthread.h - found
[0.508s] -- Performing Test CMAKE_HAVE_LIBC_PTHREAD
[0.569s] -- Performing Test CMAKE_HAVE_LIBC_PTHREAD - Success
[0.570s] -- Found Threads: TRUE  
[0.611s] -- Found ament_lint_auto: 0.12.12 (/opt/ros/humble/share/ament_lint_auto/cmake)
[0.670s] -- Added test 'cppcheck' to perform static code analysis on C / C++ code
[0.670s] -- Configured cppcheck include dirs: 
[0.670s] -- Configured cppcheck exclude dirs and/or files: 
[0.671s] -- Added test 'lint_cmake' to check CMake code style
[0.672s] -- Added test 'uncrustify' to check C / C++ code style
[0.672s] -- Configured uncrustify additional arguments: 
[0.672s] -- Added test 'xmllint' to check XML markup files
[0.673s] -- Configuring done
[0.675s] -- Generating done
[0.676s] -- Build files have been written to: /home/ils3/irrobot_ws/build/irrobot_hardware
[0.681s] Invoked command in '/home/ils3/irrobot_ws/build/irrobot_hardware' returned '0': CMAKE_PREFIX_PATH=${CMAKE_PREFIX_PATH}:/home/ils3/irrobot_ws/install/irrobot_description:/opt/ros/humble /usr/bin/cmake /home/ils3/irrobot_ws/src/irrobot_hardware -DCMAKE_INSTALL_PREFIX=/home/ils3/irrobot_ws/install/irrobot_hardware
[0.681s] Invoking command in '/home/ils3/irrobot_ws/build/irrobot_hardware': CMAKE_PREFIX_PATH=${CMAKE_PREFIX_PATH}:/home/ils3/irrobot_ws/install/irrobot_description:/opt/ros/humble /usr/bin/cmake --build /home/ils3/irrobot_ws/build/irrobot_hardware -- -j20 -l20
[0.720s] Invoked command in '/home/ils3/irrobot_ws/build/irrobot_hardware' returned '0': CMAKE_PREFIX_PATH=${CMAKE_PREFIX_PATH}:/home/ils3/irrobot_ws/install/irrobot_description:/opt/ros/humble /usr/bin/cmake --build /home/ils3/irrobot_ws/build/irrobot_hardware -- -j20 -l20
[0.721s] Invoking command in '/home/ils3/irrobot_ws/build/irrobot_hardware': CMAKE_PREFIX_PATH=${CMAKE_PREFIX_PATH}:/home/ils3/irrobot_ws/install/irrobot_description:/opt/ros/humble /usr/bin/cmake --install /home/ils3/irrobot_ws/build/irrobot_hardware
[0.725s] -- Install configuration: ""
[0.725s] -- Installing: /home/ils3/irrobot_ws/install/irrobot_hardware/share/ament_index/resource_index/package_run_dependencies/irrobot_hardware
[0.726s] -- Installing: /home/ils3/irrobot_ws/install/irrobot_hardware/share/ament_index/resource_index/parent_prefix_path/irrobot_hardware
[0.726s] -- Installing: /home/ils3/irrobot_ws/install/irrobot_hardware/share/irrobot_hardware/environment/ament_prefix_path.sh
[0.726s] -- Installing: /home/ils3/irrobot_ws/install/irrobot_hardware/share/irrobot_hardware/environment/ament_prefix_path.dsv
[0.726s] -- Installing: /home/ils3/irrobot_ws/install/irrobot_hardware/share/irrobot_hardware/environment/path.sh
[0.726s] -- Installing: /home/ils3/irrobot_ws/install/irrobot_hardware/share/irrobot_hardware/environment/path.dsv
[0.726s] -- Installing: /home/ils3/irrobot_ws/install/irrobot_hardware/share/irrobot_hardware/local_setup.bash
[0.726s] -- Installing: /home/ils3/irrobot_ws/install/irrobot_hardware/share/irrobot_hardware/local_setup.sh
[0.726s] -- Installing: /home/ils3/irrobot_ws/install/irrobot_hardware/share/irrobot_hardware/local_setup.zsh
[0.726s] -- Installing: /home/ils3/irrobot_ws/install/irrobot_hardware/share/irrobot_hardware/local_setup.dsv
[0.726s] -- Installing: /home/ils3/irrobot_ws/install/irrobot_hardware/share/irrobot_hardware/package.dsv
[0.726s] -- Installing: /home/ils3/irrobot_ws/install/irrobot_hardware/share/ament_index/resource_index/packages/irrobot_hardware
[0.726s] -- Installing: /home/ils3/irrobot_ws/install/irrobot_hardware/share/irrobot_hardware/cmake/irrobot_hardwareConfig.cmake
[0.726s] -- Installing: /home/ils3/irrobot_ws/install/irrobot_hardware/share/irrobot_hardware/cmake/irrobot_hardwareConfig-version.cmake
[0.726s] -- Installing: /home/ils3/irrobot_ws/install/irrobot_hardware/share/irrobot_hardware/package.xml
[0.728s] Invoked command in '/home/ils3/irrobot_ws/build/irrobot_hardware' returned '0': CMAKE_PREFIX_PATH=${CMAKE_PREFIX_PATH}:/home/ils3/irrobot_ws/install/irrobot_description:/opt/ros/humble /usr/bin/cmake --install /home/ils3/irrobot_ws/build/irrobot_hardware
